The target system is: Linux -  - arm
The host system is: Linux - 4.4.0-18362-Microsoft - x86_64
Compiling the C compiler identification source file "CMakeCCompilerId.c" succeeded.
Compiler: /opt/sdk/AXCF2152/2020.3/sysroots/x86_64-pokysdk-linux/usr/bin/arm-pxc-linux-gnueabi/arm-pxc-linux-gnueabi-gcc 
Build flags: ;;-mthumb;-mfpu=neon;-mfloat-abi=hard;-mcpu=cortex-a9
Id flags: -c 

The output was:
0


Compilation of the C compiler identification source "CMakeCCompilerId.c" produced "CMakeCCompilerId.o"

The C compiler identification is GNU, found in "/mnt/c/Users/L5RSJ9/Desktop/tutor/pyH/beta/v1_0/PythonArp/intermediate/cmake/AXCF2152,20.3.1.28622/Release/CMakeFiles/3.13.1/CompilerIdC/CMakeCCompilerId.o"

Compiling the CXX compiler identification source file "CMakeCXXCompilerId.cpp" succeeded.
Compiler: /opt/sdk/AXCF2152/2020.3/sysroots/x86_64-pokysdk-linux/usr/bin/arm-pxc-linux-gnueabi/arm-pxc-linux-gnueabi-g++ 
Build flags: ;;-mthumb;-mfpu=neon;-mfloat-abi=hard;-mcpu=cortex-a9
Id flags: -c 

The output was:
0


Compilation of the CXX compiler identification source "CMakeCXXCompilerId.cpp" produced "CMakeCXXCompilerId.o"

The CXX compiler identification is GNU, found in "/mnt/c/Users/L5RSJ9/Desktop/tutor/pyH/beta/v1_0/PythonArp/intermediate/cmake/AXCF2152,20.3.1.28622/Release/CMakeFiles/3.13.1/CompilerIdCXX/CMakeCXXCompilerId.o"

Determining if the C compiler works passed with the following output:
Change Dir: /mnt/c/Users/L5RSJ9/Desktop/tutor/pyH/beta/v1_0/PythonArp/intermediate/cmake/AXCF2152,20.3.1.28622/Release/CMakeFiles/CMakeTmp

Run Build Command:"/usr/bin/make" "cmTC_9e911/fast"
/usr/bin/make -f CMakeFiles/cmTC_9e911.dir/build.make CMakeFiles/cmTC_9e911.dir/build
make[1]: Entering directory '/mnt/c/Users/L5RSJ9/Desktop/tutor/pyH/beta/v1_0/PythonArp/intermediate/cmake/AXCF2152,20.3.1.28622/Release/CMakeFiles/CMakeTmp'
Building C object CMakeFiles/cmTC_9e911.dir/testCCompiler.c.o
/opt/sdk/AXCF2152/2020.3/sysroots/x86_64-pokysdk-linux/usr/bin/arm-pxc-linux-gnueabi/arm-pxc-linux-gnueabi-gcc --sysroot=/opt/sdk/AXCF2152/2020.3/sysroots/cortexa9t2hf-neon-pxc-linux-gnueabi   -mthumb -mfpu=neon -mfloat-abi=hard -mcpu=cortex-a9    -o CMakeFiles/cmTC_9e911.dir/testCCompiler.c.o   -c /mnt/c/Users/L5RSJ9/Desktop/tutor/pyH/beta/v1_0/PythonArp/intermediate/cmake/AXCF2152,20.3.1.28622/Release/CMakeFiles/CMakeTmp/testCCompiler.c
Linking C executable cmTC_9e911
/mnt/d/WSL/extract/cmake/bin/cmake -E cmake_link_script CMakeFiles/cmTC_9e911.dir/link.txt --verbose=1
/opt/sdk/AXCF2152/2020.3/sysroots/x86_64-pokysdk-linux/usr/bin/arm-pxc-linux-gnueabi/arm-pxc-linux-gnueabi-gcc --sysroot=/opt/sdk/AXCF2152/2020.3/sysroots/cortexa9t2hf-neon-pxc-linux-gnueabi   -mthumb -mfpu=neon -mfloat-abi=hard -mcpu=cortex-a9    -mthumb -mfpu=neon -mfloat-abi=hard -mcpu=cortex-a9   CMakeFiles/cmTC_9e911.dir/testCCompiler.c.o  -o cmTC_9e911 
make[1]: Leaving directory '/mnt/c/Users/L5RSJ9/Desktop/tutor/pyH/beta/v1_0/PythonArp/intermediate/cmake/AXCF2152,20.3.1.28622/Release/CMakeFiles/CMakeTmp'


Detecting C compiler ABI info compiled with the following output:
Change Dir: /mnt/c/Users/L5RSJ9/Desktop/tutor/pyH/beta/v1_0/PythonArp/intermediate/cmake/AXCF2152,20.3.1.28622/Release/CMakeFiles/CMakeTmp

Run Build Command:"/usr/bin/make" "cmTC_f4d78/fast"
/usr/bin/make -f CMakeFiles/cmTC_f4d78.dir/build.make CMakeFiles/cmTC_f4d78.dir/build
make[1]: Entering directory '/mnt/c/Users/L5RSJ9/Desktop/tutor/pyH/beta/v1_0/PythonArp/intermediate/cmake/AXCF2152,20.3.1.28622/Release/CMakeFiles/CMakeTmp'
Building C object CMakeFiles/cmTC_f4d78.dir/CMakeCCompilerABI.c.o
/opt/sdk/AXCF2152/2020.3/sysroots/x86_64-pokysdk-linux/usr/bin/arm-pxc-linux-gnueabi/arm-pxc-linux-gnueabi-gcc --sysroot=/opt/sdk/AXCF2152/2020.3/sysroots/cortexa9t2hf-neon-pxc-linux-gnueabi   -mthumb -mfpu=neon -mfloat-abi=hard -mcpu=cortex-a9    -o CMakeFiles/cmTC_f4d78.dir/CMakeCCompilerABI.c.o   -c /mnt/d/WSL/extract/cmake/share/cmake-3.13/Modules/CMakeCCompilerABI.c
Linking C executable cmTC_f4d78
/mnt/d/WSL/extract/cmake/bin/cmake -E cmake_link_script CMakeFiles/cmTC_f4d78.dir/link.txt --verbose=1
/opt/sdk/AXCF2152/2020.3/sysroots/x86_64-pokysdk-linux/usr/bin/arm-pxc-linux-gnueabi/arm-pxc-linux-gnueabi-gcc --sysroot=/opt/sdk/AXCF2152/2020.3/sysroots/cortexa9t2hf-neon-pxc-linux-gnueabi   -mthumb -mfpu=neon -mfloat-abi=hard -mcpu=cortex-a9    -mthumb -mfpu=neon -mfloat-abi=hard -mcpu=cortex-a9  -v CMakeFiles/cmTC_f4d78.dir/CMakeCCompilerABI.c.o  -o cmTC_f4d78 
Using built-in specs.
COLLECT_GCC=/opt/sdk/AXCF2152/2020.3/sysroots/x86_64-pokysdk-linux/usr/bin/arm-pxc-linux-gnueabi/arm-pxc-linux-gnueabi-gcc
COLLECT_LTO_WRAPPER=/opt/sdk/AXCF2152/2020.3/sysroots/x86_64-pokysdk-linux/usr/libexec/arm-pxc-linux-gnueabi/gcc/arm-pxc-linux-gnueabi/8.3.0/lto-wrapper
Target: arm-pxc-linux-gnueabi
Configured with: ../../../../../../work-shared/gcc-8.3.0-r0/gcc-8.3.0/configure --build=x86_64-linux --host=x86_64-pokysdk-linux --target=arm-pxc-linux-gnueabi --prefix=/opt/pxc/2020.3/sysroots/x86_64-pokysdk-linux/usr --exec_prefix=/opt/pxc/2020.3/sysroots/x86_64-pokysdk-linux/usr --bindir=/opt/pxc/2020.3/sysroots/x86_64-pokysdk-linux/usr/bin/arm-pxc-linux-gnueabi --sbindir=/opt/pxc/2020.3/sysroots/x86_64-pokysdk-linux/usr/bin/arm-pxc-linux-gnueabi --libexecdir=/opt/pxc/2020.3/sysroots/x86_64-pokysdk-linux/usr/libexec/arm-pxc-linux-gnueabi --datadir=/opt/pxc/2020.3/sysroots/x86_64-pokysdk-linux/usr/share --sysconfdir=/opt/pxc/2020.3/sysroots/x86_64-pokysdk-linux/etc --sharedstatedir=/opt/pxc/2020.3/sysroots/x86_64-pokysdk-linux/com --localstatedir=/opt/pxc/2020.3/sysroots/x86_64-pokysdk-linux/var --libdir=/opt/pxc/2020.3/sysroots/x86_64-pokysdk-linux/usr/lib/arm-pxc-linux-gnueabi --includedir=/opt/pxc/2020.3/sysroots/x86_64-pokysdk-linux/usr/include --oldincludedir=/opt/pxc/2020.3/sysroots/x86_64-pokysdk-linux/usr/include --infodir=/opt/pxc/2020.3/sysroots/x86_64-pokysdk-linux/usr/share/info --mandir=/opt/pxc/2020.3/sysroots/x86_64-pokysdk-linux/usr/share/man --disable-silent-rules --disable-dependency-tracking --with-libtool-sysroot=/yocto/jenkins/workspace/xt_Yocto_AXCF2152_release_20.3.x/build/tmp/work/x86_64-nativesdk-pokysdk-linux/gcc-cross-canadian-arm/8.3.0-r0/recipe-sysroot --with-gnu-ld --enable-shared --enable-languages=c,c++ --enable-threads=posix --enable-multilib --enable-default-pie --enable-c99 --enable-long-long --enable-symvers=gnu --enable-libstdcxx-pch --program-prefix=arm-pxc-linux-gnueabi- --without-local-prefix --enable-lto --disable-libssp --enable-libitm --disable-bootstrap --disable-libmudflap --with-system-zlib --with-linker-hash-style=gnu --enable-linker-build-id --with-ppl=no --with-cloog=no --enable-checking=release --enable-cheaders=c_global --without-isl --with-gxx-include-dir=/not/exist/usr/include/c++/8.3.0 --with-build-time-tools=/yocto/jenkins/workspace/xt_Yocto_AXCF2152_release_20.3.x/build/tmp/work/x86_64-nativesdk-pokysdk-linux/gcc-cross-canadian-arm/8.3.0-r0/recipe-sysroot-native/usr/arm-pxc-linux-gnueabi/bin --with-sysroot=/not/exist --with-build-sysroot=/yocto/jenkins/workspace/xt_Yocto_AXCF2152_release_20.3.x/build/tmp/work/x86_64-nativesdk-pokysdk-linux/gcc-cross-canadian-arm/8.3.0-r0/recipe-sysroot --without-long-double-128 libgcc_cv_powerpc_float128=no --enable-poison-system-directories --disable-static --enable-nls --with-glibc-version=2.28 --enable-initfini-array
Thread model: posix
gcc version 8.3.0 (GCC) 
COMPILER_PATH=/opt/sdk/AXCF2152/2020.3/sysroots/x86_64-pokysdk-linux/usr/libexec/arm-pxc-linux-gnueabi/gcc/arm-pxc-linux-gnueabi/8.3.0/:/opt/sdk/AXCF2152/2020.3/sysroots/x86_64-pokysdk-linux/usr/libexec/arm-pxc-linux-gnueabi/gcc/arm-pxc-linux-gnueabi/8.3.0/:/opt/sdk/AXCF2152/2020.3/sysroots/x86_64-pokysdk-linux/usr/libexec/arm-pxc-linux-gnueabi/gcc/arm-pxc-linux-gnueabi/:/opt/sdk/AXCF2152/2020.3/sysroots/x86_64-pokysdk-linux/usr/lib/arm-pxc-linux-gnueabi/gcc/arm-pxc-linux-gnueabi/8.3.0/:/opt/sdk/AXCF2152/2020.3/sysroots/x86_64-pokysdk-linux/usr/lib/arm-pxc-linux-gnueabi/gcc/arm-pxc-linux-gnueabi/
LIBRARY_PATH=/opt/sdk/AXCF2152/2020.3/sysroots/x86_64-pokysdk-linux/usr/lib/arm-pxc-linux-gnueabi/gcc/arm-pxc-linux-gnueabi/8.3.0/:/opt/sdk/AXCF2152/2020.3/sysroots/cortexa9t2hf-neon-pxc-linux-gnueabi/lib/:/opt/sdk/AXCF2152/2020.3/sysroots/cortexa9t2hf-neon-pxc-linux-gnueabi/usr/lib/arm-pxc-linux-gnueabi/8.3.0/:/opt/sdk/AXCF2152/2020.3/sysroots/cortexa9t2hf-neon-pxc-linux-gnueabi/usr/lib/
COLLECT_GCC_OPTIONS='--sysroot=/opt/sdk/AXCF2152/2020.3/sysroots/cortexa9t2hf-neon-pxc-linux-gnueabi' '-mfpu=neon' '-mfloat-abi=hard' '-mcpu=cortex-a9' '-mthumb' '-mfpu=neon' '-mfloat-abi=hard' '-mcpu=cortex-a9' '-v' '-o' 'cmTC_f4d78' '-mtls-dialect=gnu' '-march=armv7-a+mp+sec+simd'
 /opt/sdk/AXCF2152/2020.3/sysroots/x86_64-pokysdk-linux/usr/libexec/arm-pxc-linux-gnueabi/gcc/arm-pxc-linux-gnueabi/8.3.0/collect2 -plugin /opt/sdk/AXCF2152/2020.3/sysroots/x86_64-pokysdk-linux/usr/libexec/arm-pxc-linux-gnueabi/gcc/arm-pxc-linux-gnueabi/8.3.0/liblto_plugin.so -plugin-opt=/opt/sdk/AXCF2152/2020.3/sysroots/x86_64-pokysdk-linux/usr/libexec/arm-pxc-linux-gnueabi/gcc/arm-pxc-linux-gnueabi/8.3.0/lto-wrapper -plugin-opt=-fresolution=/tmp/ccwLO8lR.res -plugin-opt=-pass-through=-lgcc -plugin-opt=-pass-through=-lgcc_s -plugin-opt=-pass-through=-lc -plugin-opt=-pass-through=-lgcc -plugin-opt=-pass-through=-lgcc_s --sysroot=/opt/sdk/AXCF2152/2020.3/sysroots/cortexa9t2hf-neon-pxc-linux-gnueabi --build-id --eh-frame-hdr --hash-style=gnu -dynamic-linker /lib/ld-linux-armhf.so.3 -X -m armelf_linux_eabi -pie -o cmTC_f4d78 /opt/sdk/AXCF2152/2020.3/sysroots/cortexa9t2hf-neon-pxc-linux-gnueabi/usr/lib/Scrt1.o /opt/sdk/AXCF2152/2020.3/sysroots/cortexa9t2hf-neon-pxc-linux-gnueabi/usr/lib/crti.o /opt/sdk/AXCF2152/2020.3/sysroots/cortexa9t2hf-neon-pxc-linux-gnueabi/usr/lib/arm-pxc-linux-gnueabi/8.3.0/crtbeginS.o -L/opt/sdk/AXCF2152/2020.3/sysroots/x86_64-pokysdk-linux/usr/lib/arm-pxc-linux-gnueabi/gcc/arm-pxc-linux-gnueabi/8.3.0 -L/opt/sdk/AXCF2152/2020.3/sysroots/cortexa9t2hf-neon-pxc-linux-gnueabi/lib -L/opt/sdk/AXCF2152/2020.3/sysroots/cortexa9t2hf-neon-pxc-linux-gnueabi/usr/lib/arm-pxc-linux-gnueabi/8.3.0 -L/opt/sdk/AXCF2152/2020.3/sysroots/cortexa9t2hf-neon-pxc-linux-gnueabi/usr/lib CMakeFiles/cmTC_f4d78.dir/CMakeCCompilerABI.c.o -lgcc --as-needed -lgcc_s --no-as-needed -lc -lgcc --as-needed -lgcc_s --no-as-needed /opt/sdk/AXCF2152/2020.3/sysroots/cortexa9t2hf-neon-pxc-linux-gnueabi/usr/lib/arm-pxc-linux-gnueabi/8.3.0/crtendS.o /opt/sdk/AXCF2152/2020.3/sysroots/cortexa9t2hf-neon-pxc-linux-gnueabi/usr/lib/crtn.o
COLLECT_GCC_OPTIONS='--sysroot=/opt/sdk/AXCF2152/2020.3/sysroots/cortexa9t2hf-neon-pxc-linux-gnueabi' '-mfpu=neon' '-mfloat-abi=hard' '-mcpu=cortex-a9' '-mthumb' '-mfpu=neon' '-mfloat-abi=hard' '-mcpu=cortex-a9' '-v' '-o' 'cmTC_f4d78' '-mtls-dialect=gnu' '-march=armv7-a+mp+sec+simd'
make[1]: Leaving directory '/mnt/c/Users/L5RSJ9/Desktop/tutor/pyH/beta/v1_0/PythonArp/intermediate/cmake/AXCF2152,20.3.1.28622/Release/CMakeFiles/CMakeTmp'


Parsed C implicit link information from above output:
  link line regex: [^( *|.*[/\])(arm-pxc-linux-gnueabi-ld|CMAKE_LINK_STARTFILE-NOTFOUND|([^/\]+-)?ld|collect2)[^/\]*( |$)]
  ignore line: [Change Dir: /mnt/c/Users/L5RSJ9/Desktop/tutor/pyH/beta/v1_0/PythonArp/intermediate/cmake/AXCF2152,20.3.1.28622/Release/CMakeFiles/CMakeTmp]
  ignore line: []
  ignore line: [Run Build Command:"/usr/bin/make" "cmTC_f4d78/fast"]
  ignore line: [/usr/bin/make -f CMakeFiles/cmTC_f4d78.dir/build.make CMakeFiles/cmTC_f4d78.dir/build]
  ignore line: [make[1]: Entering directory '/mnt/c/Users/L5RSJ9/Desktop/tutor/pyH/beta/v1_0/PythonArp/intermediate/cmake/AXCF2152,20.3.1.28622/Release/CMakeFiles/CMakeTmp']
  ignore line: [Building C object CMakeFiles/cmTC_f4d78.dir/CMakeCCompilerABI.c.o]
  ignore line: [/opt/sdk/AXCF2152/2020.3/sysroots/x86_64-pokysdk-linux/usr/bin/arm-pxc-linux-gnueabi/arm-pxc-linux-gnueabi-gcc --sysroot=/opt/sdk/AXCF2152/2020.3/sysroots/cortexa9t2hf-neon-pxc-linux-gnueabi   -mthumb -mfpu=neon -mfloat-abi=hard -mcpu=cortex-a9    -o CMakeFiles/cmTC_f4d78.dir/CMakeCCompilerABI.c.o   -c /mnt/d/WSL/extract/cmake/share/cmake-3.13/Modules/CMakeCCompilerABI.c]
  ignore line: [Linking C executable cmTC_f4d78]
  ignore line: [/mnt/d/WSL/extract/cmake/bin/cmake -E cmake_link_script CMakeFiles/cmTC_f4d78.dir/link.txt --verbose=1]
  ignore line: [/opt/sdk/AXCF2152/2020.3/sysroots/x86_64-pokysdk-linux/usr/bin/arm-pxc-linux-gnueabi/arm-pxc-linux-gnueabi-gcc --sysroot=/opt/sdk/AXCF2152/2020.3/sysroots/cortexa9t2hf-neon-pxc-linux-gnueabi   -mthumb -mfpu=neon -mfloat-abi=hard -mcpu=cortex-a9    -mthumb -mfpu=neon -mfloat-abi=hard -mcpu=cortex-a9  -v CMakeFiles/cmTC_f4d78.dir/CMakeCCompilerABI.c.o  -o cmTC_f4d78 ]
  ignore line: [Using built-in specs.]
  ignore line: [COLLECT_GCC=/opt/sdk/AXCF2152/2020.3/sysroots/x86_64-pokysdk-linux/usr/bin/arm-pxc-linux-gnueabi/arm-pxc-linux-gnueabi-gcc]
  ignore line: [COLLECT_LTO_WRAPPER=/opt/sdk/AXCF2152/2020.3/sysroots/x86_64-pokysdk-linux/usr/libexec/arm-pxc-linux-gnueabi/gcc/arm-pxc-linux-gnueabi/8.3.0/lto-wrapper]
  ignore line: [Target: arm-pxc-linux-gnueabi]
  ignore line: [Configured with: ../../../../../../work-shared/gcc-8.3.0-r0/gcc-8.3.0/configure --build=x86_64-linux --host=x86_64-pokysdk-linux --target=arm-pxc-linux-gnueabi --prefix=/opt/pxc/2020.3/sysroots/x86_64-pokysdk-linux/usr --exec_prefix=/opt/pxc/2020.3/sysroots/x86_64-pokysdk-linux/usr --bindir=/opt/pxc/2020.3/sysroots/x86_64-pokysdk-linux/usr/bin/arm-pxc-linux-gnueabi --sbindir=/opt/pxc/2020.3/sysroots/x86_64-pokysdk-linux/usr/bin/arm-pxc-linux-gnueabi --libexecdir=/opt/pxc/2020.3/sysroots/x86_64-pokysdk-linux/usr/libexec/arm-pxc-linux-gnueabi --datadir=/opt/pxc/2020.3/sysroots/x86_64-pokysdk-linux/usr/share --sysconfdir=/opt/pxc/2020.3/sysroots/x86_64-pokysdk-linux/etc --sharedstatedir=/opt/pxc/2020.3/sysroots/x86_64-pokysdk-linux/com --localstatedir=/opt/pxc/2020.3/sysroots/x86_64-pokysdk-linux/var --libdir=/opt/pxc/2020.3/sysroots/x86_64-pokysdk-linux/usr/lib/arm-pxc-linux-gnueabi --includedir=/opt/pxc/2020.3/sysroots/x86_64-pokysdk-linux/usr/include --oldincludedir=/opt/pxc/2020.3/sysroots/x86_64-pokysdk-linux/usr/include --infodir=/opt/pxc/2020.3/sysroots/x86_64-pokysdk-linux/usr/share/info --mandir=/opt/pxc/2020.3/sysroots/x86_64-pokysdk-linux/usr/share/man --disable-silent-rules --disable-dependency-tracking --with-libtool-sysroot=/yocto/jenkins/workspace/xt_Yocto_AXCF2152_release_20.3.x/build/tmp/work/x86_64-nativesdk-pokysdk-linux/gcc-cross-canadian-arm/8.3.0-r0/recipe-sysroot --with-gnu-ld --enable-shared --enable-languages=c,c++ --enable-threads=posix --enable-multilib --enable-default-pie --enable-c99 --enable-long-long --enable-symvers=gnu --enable-libstdcxx-pch --program-prefix=arm-pxc-linux-gnueabi- --without-local-prefix --enable-lto --disable-libssp --enable-libitm --disable-bootstrap --disable-libmudflap --with-system-zlib --with-linker-hash-style=gnu --enable-linker-build-id --with-ppl=no --with-cloog=no --enable-checking=release --enable-cheaders=c_global --without-isl --with-gxx-include-dir=/not/exist/usr/include/c++/8.3.0 --with-build-time-tools=/yocto/jenkins/workspace/xt_Yocto_AXCF2152_release_20.3.x/build/tmp/work/x86_64-nativesdk-pokysdk-linux/gcc-cross-canadian-arm/8.3.0-r0/recipe-sysroot-native/usr/arm-pxc-linux-gnueabi/bin --with-sysroot=/not/exist --with-build-sysroot=/yocto/jenkins/workspace/xt_Yocto_AXCF2152_release_20.3.x/build/tmp/work/x86_64-nativesdk-pokysdk-linux/gcc-cross-canadian-arm/8.3.0-r0/recipe-sysroot --without-long-double-128 libgcc_cv_powerpc_float128=no --enable-poison-system-directories --disable-static --enable-nls --with-glibc-version=2.28 --enable-initfini-array]
  ignore line: [Thread model: posix]
  ignore line: [gcc version 8.3.0 (GCC) ]
  ignore line: [COMPILER_PATH=/opt/sdk/AXCF2152/2020.3/sysroots/x86_64-pokysdk-linux/usr/libexec/arm-pxc-linux-gnueabi/gcc/arm-pxc-linux-gnueabi/8.3.0/:/opt/sdk/AXCF2152/2020.3/sysroots/x86_64-pokysdk-linux/usr/libexec/arm-pxc-linux-gnueabi/gcc/arm-pxc-linux-gnueabi/8.3.0/:/opt/sdk/AXCF2152/2020.3/sysroots/x86_64-pokysdk-linux/usr/libexec/arm-pxc-linux-gnueabi/gcc/arm-pxc-linux-gnueabi/:/opt/sdk/AXCF2152/2020.3/sysroots/x86_64-pokysdk-linux/usr/lib/arm-pxc-linux-gnueabi/gcc/arm-pxc-linux-gnueabi/8.3.0/:/opt/sdk/AXCF2152/2020.3/sysroots/x86_64-pokysdk-linux/usr/lib/arm-pxc-linux-gnueabi/gcc/arm-pxc-linux-gnueabi/]
  ignore line: [LIBRARY_PATH=/opt/sdk/AXCF2152/2020.3/sysroots/x86_64-pokysdk-linux/usr/lib/arm-pxc-linux-gnueabi/gcc/arm-pxc-linux-gnueabi/8.3.0/:/opt/sdk/AXCF2152/2020.3/sysroots/cortexa9t2hf-neon-pxc-linux-gnueabi/lib/:/opt/sdk/AXCF2152/2020.3/sysroots/cortexa9t2hf-neon-pxc-linux-gnueabi/usr/lib/arm-pxc-linux-gnueabi/8.3.0/:/opt/sdk/AXCF2152/2020.3/sysroots/cortexa9t2hf-neon-pxc-linux-gnueabi/usr/lib/]
  ignore line: [COLLECT_GCC_OPTIONS='--sysroot=/opt/sdk/AXCF2152/2020.3/sysroots/cortexa9t2hf-neon-pxc-linux-gnueabi' '-mfpu=neon' '-mfloat-abi=hard' '-mcpu=cortex-a9' '-mthumb' '-mfpu=neon' '-mfloat-abi=hard' '-mcpu=cortex-a9' '-v' '-o' 'cmTC_f4d78' '-mtls-dialect=gnu' '-march=armv7-a+mp+sec+simd']
  link line: [ /opt/sdk/AXCF2152/2020.3/sysroots/x86_64-pokysdk-linux/usr/libexec/arm-pxc-linux-gnueabi/gcc/arm-pxc-linux-gnueabi/8.3.0/collect2 -plugin /opt/sdk/AXCF2152/2020.3/sysroots/x86_64-pokysdk-linux/usr/libexec/arm-pxc-linux-gnueabi/gcc/arm-pxc-linux-gnueabi/8.3.0/liblto_plugin.so -plugin-opt=/opt/sdk/AXCF2152/2020.3/sysroots/x86_64-pokysdk-linux/usr/libexec/arm-pxc-linux-gnueabi/gcc/arm-pxc-linux-gnueabi/8.3.0/lto-wrapper -plugin-opt=-fresolution=/tmp/ccwLO8lR.res -plugin-opt=-pass-through=-lgcc -plugin-opt=-pass-through=-lgcc_s -plugin-opt=-pass-through=-lc -plugin-opt=-pass-through=-lgcc -plugin-opt=-pass-through=-lgcc_s --sysroot=/opt/sdk/AXCF2152/2020.3/sysroots/cortexa9t2hf-neon-pxc-linux-gnueabi --build-id --eh-frame-hdr --hash-style=gnu -dynamic-linker /lib/ld-linux-armhf.so.3 -X -m armelf_linux_eabi -pie -o cmTC_f4d78 /opt/sdk/AXCF2152/2020.3/sysroots/cortexa9t2hf-neon-pxc-linux-gnueabi/usr/lib/Scrt1.o /opt/sdk/AXCF2152/2020.3/sysroots/cortexa9t2hf-neon-pxc-linux-gnueabi/usr/lib/crti.o /opt/sdk/AXCF2152/2020.3/sysroots/cortexa9t2hf-neon-pxc-linux-gnueabi/usr/lib/arm-pxc-linux-gnueabi/8.3.0/crtbeginS.o -L/opt/sdk/AXCF2152/2020.3/sysroots/x86_64-pokysdk-linux/usr/lib/arm-pxc-linux-gnueabi/gcc/arm-pxc-linux-gnueabi/8.3.0 -L/opt/sdk/AXCF2152/2020.3/sysroots/cortexa9t2hf-neon-pxc-linux-gnueabi/lib -L/opt/sdk/AXCF2152/2020.3/sysroots/cortexa9t2hf-neon-pxc-linux-gnueabi/usr/lib/arm-pxc-linux-gnueabi/8.3.0 -L/opt/sdk/AXCF2152/2020.3/sysroots/cortexa9t2hf-neon-pxc-linux-gnueabi/usr/lib CMakeFiles/cmTC_f4d78.dir/CMakeCCompilerABI.c.o -lgcc --as-needed -lgcc_s --no-as-needed -lc -lgcc --as-needed -lgcc_s --no-as-needed /opt/sdk/AXCF2152/2020.3/sysroots/cortexa9t2hf-neon-pxc-linux-gnueabi/usr/lib/arm-pxc-linux-gnueabi/8.3.0/crtendS.o /opt/sdk/AXCF2152/2020.3/sysroots/cortexa9t2hf-neon-pxc-linux-gnueabi/usr/lib/crtn.o]
    arg [/opt/sdk/AXCF2152/2020.3/sysroots/x86_64-pokysdk-linux/usr/libexec/arm-pxc-linux-gnueabi/gcc/arm-pxc-linux-gnueabi/8.3.0/collect2] ==> ignore
    arg [-plugin] ==> ignore
    arg [/opt/sdk/AXCF2152/2020.3/sysroots/x86_64-pokysdk-linux/usr/libexec/arm-pxc-linux-gnueabi/gcc/arm-pxc-linux-gnueabi/8.3.0/liblto_plugin.so] ==> ignore
    arg [-plugin-opt=/opt/sdk/AXCF2152/2020.3/sysroots/x86_64-pokysdk-linux/usr/libexec/arm-pxc-linux-gnueabi/gcc/arm-pxc-linux-gnueabi/8.3.0/lto-wrapper] ==> ignore
    arg [-plugin-opt=-fresolution=/tmp/ccwLO8lR.res] ==> ignore
    arg [-plugin-opt=-pass-through=-lgcc] ==> ignore
    arg [-plugin-opt=-pass-through=-lgcc_s] ==> ignore
    arg [-plugin-opt=-pass-through=-lc] ==> ignore
    arg [-plugin-opt=-pass-through=-lgcc] ==> ignore
    arg [-plugin-opt=-pass-through=-lgcc_s] ==> ignore
    arg [--sysroot=/opt/sdk/AXCF2152/2020.3/sysroots/cortexa9t2hf-neon-pxc-linux-gnueabi] ==> ignore
    arg [--build-id] ==> ignore
    arg [--eh-frame-hdr] ==> ignore
    arg [--hash-style=gnu] ==> ignore
    arg [-dynamic-linker] ==> ignore
    arg [/lib/ld-linux-armhf.so.3] ==> ignore
    arg [-X] ==> ignore
    arg [-m] ==> ignore
    arg [armelf_linux_eabi] ==> ignore
    arg [-pie] ==> ignore
    arg [-o] ==> ignore
    arg [cmTC_f4d78] ==> ignore
    arg [/opt/sdk/AXCF2152/2020.3/sysroots/cortexa9t2hf-neon-pxc-linux-gnueabi/usr/lib/Scrt1.o] ==> ignore
    arg [/opt/sdk/AXCF2152/2020.3/sysroots/cortexa9t2hf-neon-pxc-linux-gnueabi/usr/lib/crti.o] ==> ignore
    arg [/opt/sdk/AXCF2152/2020.3/sysroots/cortexa9t2hf-neon-pxc-linux-gnueabi/usr/lib/arm-pxc-linux-gnueabi/8.3.0/crtbeginS.o] ==> ignore
    arg [-L/opt/sdk/AXCF2152/2020.3/sysroots/x86_64-pokysdk-linux/usr/lib/arm-pxc-linux-gnueabi/gcc/arm-pxc-linux-gnueabi/8.3.0] ==> dir [/opt/sdk/AXCF2152/2020.3/sysroots/x86_64-pokysdk-linux/usr/lib/arm-pxc-linux-gnueabi/gcc/arm-pxc-linux-gnueabi/8.3.0]
    arg [-L/opt/sdk/AXCF2152/2020.3/sysroots/cortexa9t2hf-neon-pxc-linux-gnueabi/lib] ==> dir [/opt/sdk/AXCF2152/2020.3/sysroots/cortexa9t2hf-neon-pxc-linux-gnueabi/lib]
    arg [-L/opt/sdk/AXCF2152/2020.3/sysroots/cortexa9t2hf-neon-pxc-linux-gnueabi/usr/lib/arm-pxc-linux-gnueabi/8.3.0] ==> dir [/opt/sdk/AXCF2152/2020.3/sysroots/cortexa9t2hf-neon-pxc-linux-gnueabi/usr/lib/arm-pxc-linux-gnueabi/8.3.0]
    arg [-L/opt/sdk/AXCF2152/2020.3/sysroots/cortexa9t2hf-neon-pxc-linux-gnueabi/usr/lib] ==> dir [/opt/sdk/AXCF2152/2020.3/sysroots/cortexa9t2hf-neon-pxc-linux-gnueabi/usr/lib]
    arg [CMakeFiles/cmTC_f4d78.dir/CMakeCCompilerABI.c.o] ==> ignore
    arg [-lgcc] ==> lib [gcc]
    arg [--as-needed] ==> ignore
    arg [-lgcc_s] ==> lib [gcc_s]
    arg [--no-as-needed] ==> ignore
    arg [-lc] ==> lib [c]
    arg [-lgcc] ==> lib [gcc]
    arg [--as-needed] ==> ignore
    arg [-lgcc_s] ==> lib [gcc_s]
    arg [--no-as-needed] ==> ignore
    arg [/opt/sdk/AXCF2152/2020.3/sysroots/cortexa9t2hf-neon-pxc-linux-gnueabi/usr/lib/arm-pxc-linux-gnueabi/8.3.0/crtendS.o] ==> ignore
    arg [/opt/sdk/AXCF2152/2020.3/sysroots/cortexa9t2hf-neon-pxc-linux-gnueabi/usr/lib/crtn.o] ==> ignore
  collapse library dir [/opt/sdk/AXCF2152/2020.3/sysroots/x86_64-pokysdk-linux/usr/lib/arm-pxc-linux-gnueabi/gcc/arm-pxc-linux-gnueabi/8.3.0] ==> [/opt/sdk/AXCF2152/2020.3/sysroots/x86_64-pokysdk-linux/usr/lib/arm-pxc-linux-gnueabi/gcc/arm-pxc-linux-gnueabi/8.3.0]
  collapse library dir [/opt/sdk/AXCF2152/2020.3/sysroots/cortexa9t2hf-neon-pxc-linux-gnueabi/lib] ==> [/opt/sdk/AXCF2152/2020.3/sysroots/cortexa9t2hf-neon-pxc-linux-gnueabi/lib]
  collapse library dir [/opt/sdk/AXCF2152/2020.3/sysroots/cortexa9t2hf-neon-pxc-linux-gnueabi/usr/lib/arm-pxc-linux-gnueabi/8.3.0] ==> [/opt/sdk/AXCF2152/2020.3/sysroots/cortexa9t2hf-neon-pxc-linux-gnueabi/usr/lib/arm-pxc-linux-gnueabi/8.3.0]
  collapse library dir [/opt/sdk/AXCF2152/2020.3/sysroots/cortexa9t2hf-neon-pxc-linux-gnueabi/usr/lib] ==> [/opt/sdk/AXCF2152/2020.3/sysroots/cortexa9t2hf-neon-pxc-linux-gnueabi/usr/lib]
  implicit libs: [gcc;gcc_s;c;gcc;gcc_s]
  implicit dirs: [/opt/sdk/AXCF2152/2020.3/sysroots/x86_64-pokysdk-linux/usr/lib/arm-pxc-linux-gnueabi/gcc/arm-pxc-linux-gnueabi/8.3.0;/opt/sdk/AXCF2152/2020.3/sysroots/cortexa9t2hf-neon-pxc-linux-gnueabi/lib;/opt/sdk/AXCF2152/2020.3/sysroots/cortexa9t2hf-neon-pxc-linux-gnueabi/usr/lib/arm-pxc-linux-gnueabi/8.3.0;/opt/sdk/AXCF2152/2020.3/sysroots/cortexa9t2hf-neon-pxc-linux-gnueabi/usr/lib]
  implicit fwks: []




Detecting C [-std=c11] compiler features compiled with the following output:
Change Dir: /mnt/c/Users/L5RSJ9/Desktop/tutor/pyH/beta/v1_0/PythonArp/intermediate/cmake/AXCF2152,20.3.1.28622/Release/CMakeFiles/CMakeTmp

Run Build Command:"/usr/bin/make" "cmTC_e55d9/fast"
/usr/bin/make -f CMakeFiles/cmTC_e55d9.dir/build.make CMakeFiles/cmTC_e55d9.dir/build
make[1]: Entering directory '/mnt/c/Users/L5RSJ9/Desktop/tutor/pyH/beta/v1_0/PythonArp/intermediate/cmake/AXCF2152,20.3.1.28622/Release/CMakeFiles/CMakeTmp'
Building C object CMakeFiles/cmTC_e55d9.dir/feature_tests.c.o
/opt/sdk/AXCF2152/2020.3/sysroots/x86_64-pokysdk-linux/usr/bin/arm-pxc-linux-gnueabi/arm-pxc-linux-gnueabi-gcc --sysroot=/opt/sdk/AXCF2152/2020.3/sysroots/cortexa9t2hf-neon-pxc-linux-gnueabi   -mthumb -mfpu=neon -mfloat-abi=hard -mcpu=cortex-a9    -std=c11 -o CMakeFiles/cmTC_e55d9.dir/feature_tests.c.o   -c /mnt/c/Users/L5RSJ9/Desktop/tutor/pyH/beta/v1_0/PythonArp/intermediate/cmake/AXCF2152,20.3.1.28622/Release/CMakeFiles/feature_tests.c
Linking C executable cmTC_e55d9
/mnt/d/WSL/extract/cmake/bin/cmake -E cmake_link_script CMakeFiles/cmTC_e55d9.dir/link.txt --verbose=1
/opt/sdk/AXCF2152/2020.3/sysroots/x86_64-pokysdk-linux/usr/bin/arm-pxc-linux-gnueabi/arm-pxc-linux-gnueabi-gcc --sysroot=/opt/sdk/AXCF2152/2020.3/sysroots/cortexa9t2hf-neon-pxc-linux-gnueabi   -mthumb -mfpu=neon -mfloat-abi=hard -mcpu=cortex-a9    -mthumb -mfpu=neon -mfloat-abi=hard -mcpu=cortex-a9   CMakeFiles/cmTC_e55d9.dir/feature_tests.c.o  -o cmTC_e55d9 
make[1]: Leaving directory '/mnt/c/Users/L5RSJ9/Desktop/tutor/pyH/beta/v1_0/PythonArp/intermediate/cmake/AXCF2152,20.3.1.28622/Release/CMakeFiles/CMakeTmp'


    Feature record: C_FEATURE:1c_function_prototypes
    Feature record: C_FEATURE:1c_restrict
    Feature record: C_FEATURE:1c_static_assert
    Feature record: C_FEATURE:1c_variadic_macros


Detecting C [-std=c99] compiler features compiled with the following output:
Change Dir: /mnt/c/Users/L5RSJ9/Desktop/tutor/pyH/beta/v1_0/PythonArp/intermediate/cmake/AXCF2152,20.3.1.28622/Release/CMakeFiles/CMakeTmp

Run Build Command:"/usr/bin/make" "cmTC_1e0d4/fast"
/usr/bin/make -f CMakeFiles/cmTC_1e0d4.dir/build.make CMakeFiles/cmTC_1e0d4.dir/build
make[1]: Entering directory '/mnt/c/Users/L5RSJ9/Desktop/tutor/pyH/beta/v1_0/PythonArp/intermediate/cmake/AXCF2152,20.3.1.28622/Release/CMakeFiles/CMakeTmp'
Building C object CMakeFiles/cmTC_1e0d4.dir/feature_tests.c.o
/opt/sdk/AXCF2152/2020.3/sysroots/x86_64-pokysdk-linux/usr/bin/arm-pxc-linux-gnueabi/arm-pxc-linux-gnueabi-gcc --sysroot=/opt/sdk/AXCF2152/2020.3/sysroots/cortexa9t2hf-neon-pxc-linux-gnueabi   -mthumb -mfpu=neon -mfloat-abi=hard -mcpu=cortex-a9    -std=c99 -o CMakeFiles/cmTC_1e0d4.dir/feature_tests.c.o   -c /mnt/c/Users/L5RSJ9/Desktop/tutor/pyH/beta/v1_0/PythonArp/intermediate/cmake/AXCF2152,20.3.1.28622/Release/CMakeFiles/feature_tests.c
Linking C executable cmTC_1e0d4
/mnt/d/WSL/extract/cmake/bin/cmake -E cmake_link_script CMakeFiles/cmTC_1e0d4.dir/link.txt --verbose=1
/opt/sdk/AXCF2152/2020.3/sysroots/x86_64-pokysdk-linux/usr/bin/arm-pxc-linux-gnueabi/arm-pxc-linux-gnueabi-gcc --sysroot=/opt/sdk/AXCF2152/2020.3/sysroots/cortexa9t2hf-neon-pxc-linux-gnueabi   -mthumb -mfpu=neon -mfloat-abi=hard -mcpu=cortex-a9    -mthumb -mfpu=neon -mfloat-abi=hard -mcpu=cortex-a9   CMakeFiles/cmTC_1e0d4.dir/feature_tests.c.o  -o cmTC_1e0d4 
make[1]: Leaving directory '/mnt/c/Users/L5RSJ9/Desktop/tutor/pyH/beta/v1_0/PythonArp/intermediate/cmake/AXCF2152,20.3.1.28622/Release/CMakeFiles/CMakeTmp'


    Feature record: C_FEATURE:1c_function_prototypes
    Feature record: C_FEATURE:1c_restrict
    Feature record: C_FEATURE:0c_static_assert
    Feature record: C_FEATURE:1c_variadic_macros


Detecting C [-std=c90] compiler features compiled with the following output:
Change Dir: /mnt/c/Users/L5RSJ9/Desktop/tutor/pyH/beta/v1_0/PythonArp/intermediate/cmake/AXCF2152,20.3.1.28622/Release/CMakeFiles/CMakeTmp

Run Build Command:"/usr/bin/make" "cmTC_c3d49/fast"
/usr/bin/make -f CMakeFiles/cmTC_c3d49.dir/build.make CMakeFiles/cmTC_c3d49.dir/build
make[1]: Entering directory '/mnt/c/Users/L5RSJ9/Desktop/tutor/pyH/beta/v1_0/PythonArp/intermediate/cmake/AXCF2152,20.3.1.28622/Release/CMakeFiles/CMakeTmp'
Building C object CMakeFiles/cmTC_c3d49.dir/feature_tests.c.o
/opt/sdk/AXCF2152/2020.3/sysroots/x86_64-pokysdk-linux/usr/bin/arm-pxc-linux-gnueabi/arm-pxc-linux-gnueabi-gcc --sysroot=/opt/sdk/AXCF2152/2020.3/sysroots/cortexa9t2hf-neon-pxc-linux-gnueabi   -mthumb -mfpu=neon -mfloat-abi=hard -mcpu=cortex-a9    -std=c90 -o CMakeFiles/cmTC_c3d49.dir/feature_tests.c.o   -c /mnt/c/Users/L5RSJ9/Desktop/tutor/pyH/beta/v1_0/PythonArp/intermediate/cmake/AXCF2152,20.3.1.28622/Release/CMakeFiles/feature_tests.c
Linking C executable cmTC_c3d49
/mnt/d/WSL/extract/cmake/bin/cmake -E cmake_link_script CMakeFiles/cmTC_c3d49.dir/link.txt --verbose=1
/opt/sdk/AXCF2152/2020.3/sysroots/x86_64-pokysdk-linux/usr/bin/arm-pxc-linux-gnueabi/arm-pxc-linux-gnueabi-gcc --sysroot=/opt/sdk/AXCF2152/2020.3/sysroots/cortexa9t2hf-neon-pxc-linux-gnueabi   -mthumb -mfpu=neon -mfloat-abi=hard -mcpu=cortex-a9    -mthumb -mfpu=neon -mfloat-abi=hard -mcpu=cortex-a9   CMakeFiles/cmTC_c3d49.dir/feature_tests.c.o  -o cmTC_c3d49 
make[1]: Leaving directory '/mnt/c/Users/L5RSJ9/Desktop/tutor/pyH/beta/v1_0/PythonArp/intermediate/cmake/AXCF2152,20.3.1.28622/Release/CMakeFiles/CMakeTmp'


    Feature record: C_FEATURE:1c_function_prototypes
    Feature record: C_FEATURE:0c_restrict
    Feature record: C_FEATURE:0c_static_assert
    Feature record: C_FEATURE:0c_variadic_macros
Determining if the CXX compiler works passed with the following output:
Change Dir: /mnt/c/Users/L5RSJ9/Desktop/tutor/pyH/beta/v1_0/PythonArp/intermediate/cmake/AXCF2152,20.3.1.28622/Release/CMakeFiles/CMakeTmp

Run Build Command:"/usr/bin/make" "cmTC_87ecc/fast"
/usr/bin/make -f CMakeFiles/cmTC_87ecc.dir/build.make CMakeFiles/cmTC_87ecc.dir/build
make[1]: Entering directory '/mnt/c/Users/L5RSJ9/Desktop/tutor/pyH/beta/v1_0/PythonArp/intermediate/cmake/AXCF2152,20.3.1.28622/Release/CMakeFiles/CMakeTmp'
Building CXX object CMakeFiles/cmTC_87ecc.dir/testCXXCompiler.cxx.o
/opt/sdk/AXCF2152/2020.3/sysroots/x86_64-pokysdk-linux/usr/bin/arm-pxc-linux-gnueabi/arm-pxc-linux-gnueabi-g++ --sysroot=/opt/sdk/AXCF2152/2020.3/sysroots/cortexa9t2hf-neon-pxc-linux-gnueabi    -mthumb -mfpu=neon -mfloat-abi=hard -mcpu=cortex-a9    -o CMakeFiles/cmTC_87ecc.dir/testCXXCompiler.cxx.o -c /mnt/c/Users/L5RSJ9/Desktop/tutor/pyH/beta/v1_0/PythonArp/intermediate/cmake/AXCF2152,20.3.1.28622/Release/CMakeFiles/CMakeTmp/testCXXCompiler.cxx
Linking CXX executable cmTC_87ecc
/mnt/d/WSL/extract/cmake/bin/cmake -E cmake_link_script CMakeFiles/cmTC_87ecc.dir/link.txt --verbose=1
/opt/sdk/AXCF2152/2020.3/sysroots/x86_64-pokysdk-linux/usr/bin/arm-pxc-linux-gnueabi/arm-pxc-linux-gnueabi-g++ --sysroot=/opt/sdk/AXCF2152/2020.3/sysroots/cortexa9t2hf-neon-pxc-linux-gnueabi    -mthumb -mfpu=neon -mfloat-abi=hard -mcpu=cortex-a9    -mthumb -mfpu=neon -mfloat-abi=hard -mcpu=cortex-a9   CMakeFiles/cmTC_87ecc.dir/testCXXCompiler.cxx.o  -o cmTC_87ecc 
make[1]: Leaving directory '/mnt/c/Users/L5RSJ9/Desktop/tutor/pyH/beta/v1_0/PythonArp/intermediate/cmake/AXCF2152,20.3.1.28622/Release/CMakeFiles/CMakeTmp'


Detecting CXX compiler ABI info compiled with the following output:
Change Dir: /mnt/c/Users/L5RSJ9/Desktop/tutor/pyH/beta/v1_0/PythonArp/intermediate/cmake/AXCF2152,20.3.1.28622/Release/CMakeFiles/CMakeTmp

Run Build Command:"/usr/bin/make" "cmTC_8a1dd/fast"
/usr/bin/make -f CMakeFiles/cmTC_8a1dd.dir/build.make CMakeFiles/cmTC_8a1dd.dir/build
make[1]: Entering directory '/mnt/c/Users/L5RSJ9/Desktop/tutor/pyH/beta/v1_0/PythonArp/intermediate/cmake/AXCF2152,20.3.1.28622/Release/CMakeFiles/CMakeTmp'
Building CXX object CMakeFiles/cmTC_8a1dd.dir/CMakeCXXCompilerABI.cpp.o
/opt/sdk/AXCF2152/2020.3/sysroots/x86_64-pokysdk-linux/usr/bin/arm-pxc-linux-gnueabi/arm-pxc-linux-gnueabi-g++ --sysroot=/opt/sdk/AXCF2152/2020.3/sysroots/cortexa9t2hf-neon-pxc-linux-gnueabi    -mthumb -mfpu=neon -mfloat-abi=hard -mcpu=cortex-a9    -o CMakeFiles/cmTC_8a1dd.dir/CMakeCXXCompilerABI.cpp.o -c /mnt/d/WSL/extract/cmake/share/cmake-3.13/Modules/CMakeCXXCompilerABI.cpp
Linking CXX executable cmTC_8a1dd
/mnt/d/WSL/extract/cmake/bin/cmake -E cmake_link_script CMakeFiles/cmTC_8a1dd.dir/link.txt --verbose=1
/opt/sdk/AXCF2152/2020.3/sysroots/x86_64-pokysdk-linux/usr/bin/arm-pxc-linux-gnueabi/arm-pxc-linux-gnueabi-g++ --sysroot=/opt/sdk/AXCF2152/2020.3/sysroots/cortexa9t2hf-neon-pxc-linux-gnueabi    -mthumb -mfpu=neon -mfloat-abi=hard -mcpu=cortex-a9    -mthumb -mfpu=neon -mfloat-abi=hard -mcpu=cortex-a9  -v CMakeFiles/cmTC_8a1dd.dir/CMakeCXXCompilerABI.cpp.o  -o cmTC_8a1dd 
Using built-in specs.
COLLECT_GCC=/opt/sdk/AXCF2152/2020.3/sysroots/x86_64-pokysdk-linux/usr/bin/arm-pxc-linux-gnueabi/arm-pxc-linux-gnueabi-g++
COLLECT_LTO_WRAPPER=/opt/sdk/AXCF2152/2020.3/sysroots/x86_64-pokysdk-linux/usr/libexec/arm-pxc-linux-gnueabi/gcc/arm-pxc-linux-gnueabi/8.3.0/lto-wrapper
Target: arm-pxc-linux-gnueabi
Configured with: ../../../../../../work-shared/gcc-8.3.0-r0/gcc-8.3.0/configure --build=x86_64-linux --host=x86_64-pokysdk-linux --target=arm-pxc-linux-gnueabi --prefix=/opt/pxc/2020.3/sysroots/x86_64-pokysdk-linux/usr --exec_prefix=/opt/pxc/2020.3/sysroots/x86_64-pokysdk-linux/usr --bindir=/opt/pxc/2020.3/sysroots/x86_64-pokysdk-linux/usr/bin/arm-pxc-linux-gnueabi --sbindir=/opt/pxc/2020.3/sysroots/x86_64-pokysdk-linux/usr/bin/arm-pxc-linux-gnueabi --libexecdir=/opt/pxc/2020.3/sysroots/x86_64-pokysdk-linux/usr/libexec/arm-pxc-linux-gnueabi --datadir=/opt/pxc/2020.3/sysroots/x86_64-pokysdk-linux/usr/share --sysconfdir=/opt/pxc/2020.3/sysroots/x86_64-pokysdk-linux/etc --sharedstatedir=/opt/pxc/2020.3/sysroots/x86_64-pokysdk-linux/com --localstatedir=/opt/pxc/2020.3/sysroots/x86_64-pokysdk-linux/var --libdir=/opt/pxc/2020.3/sysroots/x86_64-pokysdk-linux/usr/lib/arm-pxc-linux-gnueabi --includedir=/opt/pxc/2020.3/sysroots/x86_64-pokysdk-linux/usr/include --oldincludedir=/opt/pxc/2020.3/sysroots/x86_64-pokysdk-linux/usr/include --infodir=/opt/pxc/2020.3/sysroots/x86_64-pokysdk-linux/usr/share/info --mandir=/opt/pxc/2020.3/sysroots/x86_64-pokysdk-linux/usr/share/man --disable-silent-rules --disable-dependency-tracking --with-libtool-sysroot=/yocto/jenkins/workspace/xt_Yocto_AXCF2152_release_20.3.x/build/tmp/work/x86_64-nativesdk-pokysdk-linux/gcc-cross-canadian-arm/8.3.0-r0/recipe-sysroot --with-gnu-ld --enable-shared --enable-languages=c,c++ --enable-threads=posix --enable-multilib --enable-default-pie --enable-c99 --enable-long-long --enable-symvers=gnu --enable-libstdcxx-pch --program-prefix=arm-pxc-linux-gnueabi- --without-local-prefix --enable-lto --disable-libssp --enable-libitm --disable-bootstrap --disable-libmudflap --with-system-zlib --with-linker-hash-style=gnu --enable-linker-build-id --with-ppl=no --with-cloog=no --enable-checking=release --enable-cheaders=c_global --without-isl --with-gxx-include-dir=/not/exist/usr/include/c++/8.3.0 --with-build-time-tools=/yocto/jenkins/workspace/xt_Yocto_AXCF2152_release_20.3.x/build/tmp/work/x86_64-nativesdk-pokysdk-linux/gcc-cross-canadian-arm/8.3.0-r0/recipe-sysroot-native/usr/arm-pxc-linux-gnueabi/bin --with-sysroot=/not/exist --with-build-sysroot=/yocto/jenkins/workspace/xt_Yocto_AXCF2152_release_20.3.x/build/tmp/work/x86_64-nativesdk-pokysdk-linux/gcc-cross-canadian-arm/8.3.0-r0/recipe-sysroot --without-long-double-128 libgcc_cv_powerpc_float128=no --enable-poison-system-directories --disable-static --enable-nls --with-glibc-version=2.28 --enable-initfini-array
Thread model: posix
gcc version 8.3.0 (GCC) 
COMPILER_PATH=/opt/sdk/AXCF2152/2020.3/sysroots/x86_64-pokysdk-linux/usr/libexec/arm-pxc-linux-gnueabi/gcc/arm-pxc-linux-gnueabi/8.3.0/:/opt/sdk/AXCF2152/2020.3/sysroots/x86_64-pokysdk-linux/usr/libexec/arm-pxc-linux-gnueabi/gcc/arm-pxc-linux-gnueabi/8.3.0/:/opt/sdk/AXCF2152/2020.3/sysroots/x86_64-pokysdk-linux/usr/libexec/arm-pxc-linux-gnueabi/gcc/arm-pxc-linux-gnueabi/:/opt/sdk/AXCF2152/2020.3/sysroots/x86_64-pokysdk-linux/usr/lib/arm-pxc-linux-gnueabi/gcc/arm-pxc-linux-gnueabi/8.3.0/:/opt/sdk/AXCF2152/2020.3/sysroots/x86_64-pokysdk-linux/usr/lib/arm-pxc-linux-gnueabi/gcc/arm-pxc-linux-gnueabi/
LIBRARY_PATH=/opt/sdk/AXCF2152/2020.3/sysroots/x86_64-pokysdk-linux/usr/lib/arm-pxc-linux-gnueabi/gcc/arm-pxc-linux-gnueabi/8.3.0/:/opt/sdk/AXCF2152/2020.3/sysroots/cortexa9t2hf-neon-pxc-linux-gnueabi/lib/:/opt/sdk/AXCF2152/2020.3/sysroots/cortexa9t2hf-neon-pxc-linux-gnueabi/usr/lib/arm-pxc-linux-gnueabi/8.3.0/:/opt/sdk/AXCF2152/2020.3/sysroots/cortexa9t2hf-neon-pxc-linux-gnueabi/usr/lib/
COLLECT_GCC_OPTIONS='--sysroot=/opt/sdk/AXCF2152/2020.3/sysroots/cortexa9t2hf-neon-pxc-linux-gnueabi' '-mfpu=neon' '-mfloat-abi=hard' '-mcpu=cortex-a9' '-mthumb' '-mfpu=neon' '-mfloat-abi=hard' '-mcpu=cortex-a9' '-v' '-o' 'cmTC_8a1dd' '-shared-libgcc' '-mtls-dialect=gnu' '-march=armv7-a+mp+sec+simd'
 /opt/sdk/AXCF2152/2020.3/sysroots/x86_64-pokysdk-linux/usr/libexec/arm-pxc-linux-gnueabi/gcc/arm-pxc-linux-gnueabi/8.3.0/collect2 -plugin /opt/sdk/AXCF2152/2020.3/sysroots/x86_64-pokysdk-linux/usr/libexec/arm-pxc-linux-gnueabi/gcc/arm-pxc-linux-gnueabi/8.3.0/liblto_plugin.so -plugin-opt=/opt/sdk/AXCF2152/2020.3/sysroots/x86_64-pokysdk-linux/usr/libexec/arm-pxc-linux-gnueabi/gcc/arm-pxc-linux-gnueabi/8.3.0/lto-wrapper -plugin-opt=-fresolution=/tmp/cc6PC3As.res -plugin-opt=-pass-through=-lgcc_s -plugin-opt=-pass-through=-lgcc -plugin-opt=-pass-through=-lc -plugin-opt=-pass-through=-lgcc_s -plugin-opt=-pass-through=-lgcc --sysroot=/opt/sdk/AXCF2152/2020.3/sysroots/cortexa9t2hf-neon-pxc-linux-gnueabi --build-id --eh-frame-hdr --hash-style=gnu -dynamic-linker /lib/ld-linux-armhf.so.3 -X -m armelf_linux_eabi -pie -o cmTC_8a1dd /opt/sdk/AXCF2152/2020.3/sysroots/cortexa9t2hf-neon-pxc-linux-gnueabi/usr/lib/Scrt1.o /opt/sdk/AXCF2152/2020.3/sysroots/cortexa9t2hf-neon-pxc-linux-gnueabi/usr/lib/crti.o /opt/sdk/AXCF2152/2020.3/sysroots/cortexa9t2hf-neon-pxc-linux-gnueabi/usr/lib/arm-pxc-linux-gnueabi/8.3.0/crtbeginS.o -L/opt/sdk/AXCF2152/2020.3/sysroots/x86_64-pokysdk-linux/usr/lib/arm-pxc-linux-gnueabi/gcc/arm-pxc-linux-gnueabi/8.3.0 -L/opt/sdk/AXCF2152/2020.3/sysroots/cortexa9t2hf-neon-pxc-linux-gnueabi/lib -L/opt/sdk/AXCF2152/2020.3/sysroots/cortexa9t2hf-neon-pxc-linux-gnueabi/usr/lib/arm-pxc-linux-gnueabi/8.3.0 -L/opt/sdk/AXCF2152/2020.3/sysroots/cortexa9t2hf-neon-pxc-linux-gnueabi/usr/lib CMakeFiles/cmTC_8a1dd.dir/CMakeCXXCompilerABI.cpp.o -lstdc++ -lm -lgcc_s -lgcc -lc -lgcc_s -lgcc /opt/sdk/AXCF2152/2020.3/sysroots/cortexa9t2hf-neon-pxc-linux-gnueabi/usr/lib/arm-pxc-linux-gnueabi/8.3.0/crtendS.o /opt/sdk/AXCF2152/2020.3/sysroots/cortexa9t2hf-neon-pxc-linux-gnueabi/usr/lib/crtn.o
COLLECT_GCC_OPTIONS='--sysroot=/opt/sdk/AXCF2152/2020.3/sysroots/cortexa9t2hf-neon-pxc-linux-gnueabi' '-mfpu=neon' '-mfloat-abi=hard' '-mcpu=cortex-a9' '-mthumb' '-mfpu=neon' '-mfloat-abi=hard' '-mcpu=cortex-a9' '-v' '-o' 'cmTC_8a1dd' '-shared-libgcc' '-mtls-dialect=gnu' '-march=armv7-a+mp+sec+simd'
make[1]: Leaving directory '/mnt/c/Users/L5RSJ9/Desktop/tutor/pyH/beta/v1_0/PythonArp/intermediate/cmake/AXCF2152,20.3.1.28622/Release/CMakeFiles/CMakeTmp'


Parsed CXX implicit link information from above output:
  link line regex: [^( *|.*[/\])(arm-pxc-linux-gnueabi-ld|CMAKE_LINK_STARTFILE-NOTFOUND|([^/\]+-)?ld|collect2)[^/\]*( |$)]
  ignore line: [Change Dir: /mnt/c/Users/L5RSJ9/Desktop/tutor/pyH/beta/v1_0/PythonArp/intermediate/cmake/AXCF2152,20.3.1.28622/Release/CMakeFiles/CMakeTmp]
  ignore line: []
  ignore line: [Run Build Command:"/usr/bin/make" "cmTC_8a1dd/fast"]
  ignore line: [/usr/bin/make -f CMakeFiles/cmTC_8a1dd.dir/build.make CMakeFiles/cmTC_8a1dd.dir/build]
  ignore line: [make[1]: Entering directory '/mnt/c/Users/L5RSJ9/Desktop/tutor/pyH/beta/v1_0/PythonArp/intermediate/cmake/AXCF2152,20.3.1.28622/Release/CMakeFiles/CMakeTmp']
  ignore line: [Building CXX object CMakeFiles/cmTC_8a1dd.dir/CMakeCXXCompilerABI.cpp.o]
  ignore line: [/opt/sdk/AXCF2152/2020.3/sysroots/x86_64-pokysdk-linux/usr/bin/arm-pxc-linux-gnueabi/arm-pxc-linux-gnueabi-g++ --sysroot=/opt/sdk/AXCF2152/2020.3/sysroots/cortexa9t2hf-neon-pxc-linux-gnueabi    -mthumb -mfpu=neon -mfloat-abi=hard -mcpu=cortex-a9    -o CMakeFiles/cmTC_8a1dd.dir/CMakeCXXCompilerABI.cpp.o -c /mnt/d/WSL/extract/cmake/share/cmake-3.13/Modules/CMakeCXXCompilerABI.cpp]
  ignore line: [Linking CXX executable cmTC_8a1dd]
  ignore line: [/mnt/d/WSL/extract/cmake/bin/cmake -E cmake_link_script CMakeFiles/cmTC_8a1dd.dir/link.txt --verbose=1]
  ignore line: [/opt/sdk/AXCF2152/2020.3/sysroots/x86_64-pokysdk-linux/usr/bin/arm-pxc-linux-gnueabi/arm-pxc-linux-gnueabi-g++ --sysroot=/opt/sdk/AXCF2152/2020.3/sysroots/cortexa9t2hf-neon-pxc-linux-gnueabi    -mthumb -mfpu=neon -mfloat-abi=hard -mcpu=cortex-a9    -mthumb -mfpu=neon -mfloat-abi=hard -mcpu=cortex-a9  -v CMakeFiles/cmTC_8a1dd.dir/CMakeCXXCompilerABI.cpp.o  -o cmTC_8a1dd ]
  ignore line: [Using built-in specs.]
  ignore line: [COLLECT_GCC=/opt/sdk/AXCF2152/2020.3/sysroots/x86_64-pokysdk-linux/usr/bin/arm-pxc-linux-gnueabi/arm-pxc-linux-gnueabi-g++]
  ignore line: [COLLECT_LTO_WRAPPER=/opt/sdk/AXCF2152/2020.3/sysroots/x86_64-pokysdk-linux/usr/libexec/arm-pxc-linux-gnueabi/gcc/arm-pxc-linux-gnueabi/8.3.0/lto-wrapper]
  ignore line: [Target: arm-pxc-linux-gnueabi]
  ignore line: [Configured with: ../../../../../../work-shared/gcc-8.3.0-r0/gcc-8.3.0/configure --build=x86_64-linux --host=x86_64-pokysdk-linux --target=arm-pxc-linux-gnueabi --prefix=/opt/pxc/2020.3/sysroots/x86_64-pokysdk-linux/usr --exec_prefix=/opt/pxc/2020.3/sysroots/x86_64-pokysdk-linux/usr --bindir=/opt/pxc/2020.3/sysroots/x86_64-pokysdk-linux/usr/bin/arm-pxc-linux-gnueabi --sbindir=/opt/pxc/2020.3/sysroots/x86_64-pokysdk-linux/usr/bin/arm-pxc-linux-gnueabi --libexecdir=/opt/pxc/2020.3/sysroots/x86_64-pokysdk-linux/usr/libexec/arm-pxc-linux-gnueabi --datadir=/opt/pxc/2020.3/sysroots/x86_64-pokysdk-linux/usr/share --sysconfdir=/opt/pxc/2020.3/sysroots/x86_64-pokysdk-linux/etc --sharedstatedir=/opt/pxc/2020.3/sysroots/x86_64-pokysdk-linux/com --localstatedir=/opt/pxc/2020.3/sysroots/x86_64-pokysdk-linux/var --libdir=/opt/pxc/2020.3/sysroots/x86_64-pokysdk-linux/usr/lib/arm-pxc-linux-gnueabi --includedir=/opt/pxc/2020.3/sysroots/x86_64-pokysdk-linux/usr/include --oldincludedir=/opt/pxc/2020.3/sysroots/x86_64-pokysdk-linux/usr/include --infodir=/opt/pxc/2020.3/sysroots/x86_64-pokysdk-linux/usr/share/info --mandir=/opt/pxc/2020.3/sysroots/x86_64-pokysdk-linux/usr/share/man --disable-silent-rules --disable-dependency-tracking --with-libtool-sysroot=/yocto/jenkins/workspace/xt_Yocto_AXCF2152_release_20.3.x/build/tmp/work/x86_64-nativesdk-pokysdk-linux/gcc-cross-canadian-arm/8.3.0-r0/recipe-sysroot --with-gnu-ld --enable-shared --enable-languages=c,c++ --enable-threads=posix --enable-multilib --enable-default-pie --enable-c99 --enable-long-long --enable-symvers=gnu --enable-libstdcxx-pch --program-prefix=arm-pxc-linux-gnueabi- --without-local-prefix --enable-lto --disable-libssp --enable-libitm --disable-bootstrap --disable-libmudflap --with-system-zlib --with-linker-hash-style=gnu --enable-linker-build-id --with-ppl=no --with-cloog=no --enable-checking=release --enable-cheaders=c_global --without-isl --with-gxx-include-dir=/not/exist/usr/include/c++/8.3.0 --with-build-time-tools=/yocto/jenkins/workspace/xt_Yocto_AXCF2152_release_20.3.x/build/tmp/work/x86_64-nativesdk-pokysdk-linux/gcc-cross-canadian-arm/8.3.0-r0/recipe-sysroot-native/usr/arm-pxc-linux-gnueabi/bin --with-sysroot=/not/exist --with-build-sysroot=/yocto/jenkins/workspace/xt_Yocto_AXCF2152_release_20.3.x/build/tmp/work/x86_64-nativesdk-pokysdk-linux/gcc-cross-canadian-arm/8.3.0-r0/recipe-sysroot --without-long-double-128 libgcc_cv_powerpc_float128=no --enable-poison-system-directories --disable-static --enable-nls --with-glibc-version=2.28 --enable-initfini-array]
  ignore line: [Thread model: posix]
  ignore line: [gcc version 8.3.0 (GCC) ]
  ignore line: [COMPILER_PATH=/opt/sdk/AXCF2152/2020.3/sysroots/x86_64-pokysdk-linux/usr/libexec/arm-pxc-linux-gnueabi/gcc/arm-pxc-linux-gnueabi/8.3.0/:/opt/sdk/AXCF2152/2020.3/sysroots/x86_64-pokysdk-linux/usr/libexec/arm-pxc-linux-gnueabi/gcc/arm-pxc-linux-gnueabi/8.3.0/:/opt/sdk/AXCF2152/2020.3/sysroots/x86_64-pokysdk-linux/usr/libexec/arm-pxc-linux-gnueabi/gcc/arm-pxc-linux-gnueabi/:/opt/sdk/AXCF2152/2020.3/sysroots/x86_64-pokysdk-linux/usr/lib/arm-pxc-linux-gnueabi/gcc/arm-pxc-linux-gnueabi/8.3.0/:/opt/sdk/AXCF2152/2020.3/sysroots/x86_64-pokysdk-linux/usr/lib/arm-pxc-linux-gnueabi/gcc/arm-pxc-linux-gnueabi/]
  ignore line: [LIBRARY_PATH=/opt/sdk/AXCF2152/2020.3/sysroots/x86_64-pokysdk-linux/usr/lib/arm-pxc-linux-gnueabi/gcc/arm-pxc-linux-gnueabi/8.3.0/:/opt/sdk/AXCF2152/2020.3/sysroots/cortexa9t2hf-neon-pxc-linux-gnueabi/lib/:/opt/sdk/AXCF2152/2020.3/sysroots/cortexa9t2hf-neon-pxc-linux-gnueabi/usr/lib/arm-pxc-linux-gnueabi/8.3.0/:/opt/sdk/AXCF2152/2020.3/sysroots/cortexa9t2hf-neon-pxc-linux-gnueabi/usr/lib/]
  ignore line: [COLLECT_GCC_OPTIONS='--sysroot=/opt/sdk/AXCF2152/2020.3/sysroots/cortexa9t2hf-neon-pxc-linux-gnueabi' '-mfpu=neon' '-mfloat-abi=hard' '-mcpu=cortex-a9' '-mthumb' '-mfpu=neon' '-mfloat-abi=hard' '-mcpu=cortex-a9' '-v' '-o' 'cmTC_8a1dd' '-shared-libgcc' '-mtls-dialect=gnu' '-march=armv7-a+mp+sec+simd']
  link line: [ /opt/sdk/AXCF2152/2020.3/sysroots/x86_64-pokysdk-linux/usr/libexec/arm-pxc-linux-gnueabi/gcc/arm-pxc-linux-gnueabi/8.3.0/collect2 -plugin /opt/sdk/AXCF2152/2020.3/sysroots/x86_64-pokysdk-linux/usr/libexec/arm-pxc-linux-gnueabi/gcc/arm-pxc-linux-gnueabi/8.3.0/liblto_plugin.so -plugin-opt=/opt/sdk/AXCF2152/2020.3/sysroots/x86_64-pokysdk-linux/usr/libexec/arm-pxc-linux-gnueabi/gcc/arm-pxc-linux-gnueabi/8.3.0/lto-wrapper -plugin-opt=-fresolution=/tmp/cc6PC3As.res -plugin-opt=-pass-through=-lgcc_s -plugin-opt=-pass-through=-lgcc -plugin-opt=-pass-through=-lc -plugin-opt=-pass-through=-lgcc_s -plugin-opt=-pass-through=-lgcc --sysroot=/opt/sdk/AXCF2152/2020.3/sysroots/cortexa9t2hf-neon-pxc-linux-gnueabi --build-id --eh-frame-hdr --hash-style=gnu -dynamic-linker /lib/ld-linux-armhf.so.3 -X -m armelf_linux_eabi -pie -o cmTC_8a1dd /opt/sdk/AXCF2152/2020.3/sysroots/cortexa9t2hf-neon-pxc-linux-gnueabi/usr/lib/Scrt1.o /opt/sdk/AXCF2152/2020.3/sysroots/cortexa9t2hf-neon-pxc-linux-gnueabi/usr/lib/crti.o /opt/sdk/AXCF2152/2020.3/sysroots/cortexa9t2hf-neon-pxc-linux-gnueabi/usr/lib/arm-pxc-linux-gnueabi/8.3.0/crtbeginS.o -L/opt/sdk/AXCF2152/2020.3/sysroots/x86_64-pokysdk-linux/usr/lib/arm-pxc-linux-gnueabi/gcc/arm-pxc-linux-gnueabi/8.3.0 -L/opt/sdk/AXCF2152/2020.3/sysroots/cortexa9t2hf-neon-pxc-linux-gnueabi/lib -L/opt/sdk/AXCF2152/2020.3/sysroots/cortexa9t2hf-neon-pxc-linux-gnueabi/usr/lib/arm-pxc-linux-gnueabi/8.3.0 -L/opt/sdk/AXCF2152/2020.3/sysroots/cortexa9t2hf-neon-pxc-linux-gnueabi/usr/lib CMakeFiles/cmTC_8a1dd.dir/CMakeCXXCompilerABI.cpp.o -lstdc++ -lm -lgcc_s -lgcc -lc -lgcc_s -lgcc /opt/sdk/AXCF2152/2020.3/sysroots/cortexa9t2hf-neon-pxc-linux-gnueabi/usr/lib/arm-pxc-linux-gnueabi/8.3.0/crtendS.o /opt/sdk/AXCF2152/2020.3/sysroots/cortexa9t2hf-neon-pxc-linux-gnueabi/usr/lib/crtn.o]
    arg [/opt/sdk/AXCF2152/2020.3/sysroots/x86_64-pokysdk-linux/usr/libexec/arm-pxc-linux-gnueabi/gcc/arm-pxc-linux-gnueabi/8.3.0/collect2] ==> ignore
    arg [-plugin] ==> ignore
    arg [/opt/sdk/AXCF2152/2020.3/sysroots/x86_64-pokysdk-linux/usr/libexec/arm-pxc-linux-gnueabi/gcc/arm-pxc-linux-gnueabi/8.3.0/liblto_plugin.so] ==> ignore
    arg [-plugin-opt=/opt/sdk/AXCF2152/2020.3/sysroots/x86_64-pokysdk-linux/usr/libexec/arm-pxc-linux-gnueabi/gcc/arm-pxc-linux-gnueabi/8.3.0/lto-wrapper] ==> ignore
    arg [-plugin-opt=-fresolution=/tmp/cc6PC3As.res] ==> ignore
    arg [-plugin-opt=-pass-through=-lgcc_s] ==> ignore
    arg [-plugin-opt=-pass-through=-lgcc] ==> ignore
    arg [-plugin-opt=-pass-through=-lc] ==> ignore
    arg [-plugin-opt=-pass-through=-lgcc_s] ==> ignore
    arg [-plugin-opt=-pass-through=-lgcc] ==> ignore
    arg [--sysroot=/opt/sdk/AXCF2152/2020.3/sysroots/cortexa9t2hf-neon-pxc-linux-gnueabi] ==> ignore
    arg [--build-id] ==> ignore
    arg [--eh-frame-hdr] ==> ignore
    arg [--hash-style=gnu] ==> ignore
    arg [-dynamic-linker] ==> ignore
    arg [/lib/ld-linux-armhf.so.3] ==> ignore
    arg [-X] ==> ignore
    arg [-m] ==> ignore
    arg [armelf_linux_eabi] ==> ignore
    arg [-pie] ==> ignore
    arg [-o] ==> ignore
    arg [cmTC_8a1dd] ==> ignore
    arg [/opt/sdk/AXCF2152/2020.3/sysroots/cortexa9t2hf-neon-pxc-linux-gnueabi/usr/lib/Scrt1.o] ==> ignore
    arg [/opt/sdk/AXCF2152/2020.3/sysroots/cortexa9t2hf-neon-pxc-linux-gnueabi/usr/lib/crti.o] ==> ignore
    arg [/opt/sdk/AXCF2152/2020.3/sysroots/cortexa9t2hf-neon-pxc-linux-gnueabi/usr/lib/arm-pxc-linux-gnueabi/8.3.0/crtbeginS.o] ==> ignore
    arg [-L/opt/sdk/AXCF2152/2020.3/sysroots/x86_64-pokysdk-linux/usr/lib/arm-pxc-linux-gnueabi/gcc/arm-pxc-linux-gnueabi/8.3.0] ==> dir [/opt/sdk/AXCF2152/2020.3/sysroots/x86_64-pokysdk-linux/usr/lib/arm-pxc-linux-gnueabi/gcc/arm-pxc-linux-gnueabi/8.3.0]
    arg [-L/opt/sdk/AXCF2152/2020.3/sysroots/cortexa9t2hf-neon-pxc-linux-gnueabi/lib] ==> dir [/opt/sdk/AXCF2152/2020.3/sysroots/cortexa9t2hf-neon-pxc-linux-gnueabi/lib]
    arg [-L/opt/sdk/AXCF2152/2020.3/sysroots/cortexa9t2hf-neon-pxc-linux-gnueabi/usr/lib/arm-pxc-linux-gnueabi/8.3.0] ==> dir [/opt/sdk/AXCF2152/2020.3/sysroots/cortexa9t2hf-neon-pxc-linux-gnueabi/usr/lib/arm-pxc-linux-gnueabi/8.3.0]
    arg [-L/opt/sdk/AXCF2152/2020.3/sysroots/cortexa9t2hf-neon-pxc-linux-gnueabi/usr/lib] ==> dir [/opt/sdk/AXCF2152/2020.3/sysroots/cortexa9t2hf-neon-pxc-linux-gnueabi/usr/lib]
    arg [CMakeFiles/cmTC_8a1dd.dir/CMakeCXXCompilerABI.cpp.o] ==> ignore
    arg [-lstdc++] ==> lib [stdc++]
    arg [-lm] ==> lib [m]
    arg [-lgcc_s] ==> lib [gcc_s]
    arg [-lgcc] ==> lib [gcc]
    arg [-lc] ==> lib [c]
    arg [-lgcc_s] ==> lib [gcc_s]
    arg [-lgcc] ==> lib [gcc]
    arg [/opt/sdk/AXCF2152/2020.3/sysroots/cortexa9t2hf-neon-pxc-linux-gnueabi/usr/lib/arm-pxc-linux-gnueabi/8.3.0/crtendS.o] ==> ignore
    arg [/opt/sdk/AXCF2152/2020.3/sysroots/cortexa9t2hf-neon-pxc-linux-gnueabi/usr/lib/crtn.o] ==> ignore
  collapse library dir [/opt/sdk/AXCF2152/2020.3/sysroots/x86_64-pokysdk-linux/usr/lib/arm-pxc-linux-gnueabi/gcc/arm-pxc-linux-gnueabi/8.3.0] ==> [/opt/sdk/AXCF2152/2020.3/sysroots/x86_64-pokysdk-linux/usr/lib/arm-pxc-linux-gnueabi/gcc/arm-pxc-linux-gnueabi/8.3.0]
  collapse library dir [/opt/sdk/AXCF2152/2020.3/sysroots/cortexa9t2hf-neon-pxc-linux-gnueabi/lib] ==> [/opt/sdk/AXCF2152/2020.3/sysroots/cortexa9t2hf-neon-pxc-linux-gnueabi/lib]
  collapse library dir [/opt/sdk/AXCF2152/2020.3/sysroots/cortexa9t2hf-neon-pxc-linux-gnueabi/usr/lib/arm-pxc-linux-gnueabi/8.3.0] ==> [/opt/sdk/AXCF2152/2020.3/sysroots/cortexa9t2hf-neon-pxc-linux-gnueabi/usr/lib/arm-pxc-linux-gnueabi/8.3.0]
  collapse library dir [/opt/sdk/AXCF2152/2020.3/sysroots/cortexa9t2hf-neon-pxc-linux-gnueabi/usr/lib] ==> [/opt/sdk/AXCF2152/2020.3/sysroots/cortexa9t2hf-neon-pxc-linux-gnueabi/usr/lib]
  implicit libs: [stdc++;m;gcc_s;gcc;c;gcc_s;gcc]
  implicit dirs: [/opt/sdk/AXCF2152/2020.3/sysroots/x86_64-pokysdk-linux/usr/lib/arm-pxc-linux-gnueabi/gcc/arm-pxc-linux-gnueabi/8.3.0;/opt/sdk/AXCF2152/2020.3/sysroots/cortexa9t2hf-neon-pxc-linux-gnueabi/lib;/opt/sdk/AXCF2152/2020.3/sysroots/cortexa9t2hf-neon-pxc-linux-gnueabi/usr/lib/arm-pxc-linux-gnueabi/8.3.0;/opt/sdk/AXCF2152/2020.3/sysroots/cortexa9t2hf-neon-pxc-linux-gnueabi/usr/lib]
  implicit fwks: []




Detecting CXX [-std=c++2a] compiler features compiled with the following output:
Change Dir: /mnt/c/Users/L5RSJ9/Desktop/tutor/pyH/beta/v1_0/PythonArp/intermediate/cmake/AXCF2152,20.3.1.28622/Release/CMakeFiles/CMakeTmp

Run Build Command:"/usr/bin/make" "cmTC_b83c0/fast"
/usr/bin/make -f CMakeFiles/cmTC_b83c0.dir/build.make CMakeFiles/cmTC_b83c0.dir/build
make[1]: Entering directory '/mnt/c/Users/L5RSJ9/Desktop/tutor/pyH/beta/v1_0/PythonArp/intermediate/cmake/AXCF2152,20.3.1.28622/Release/CMakeFiles/CMakeTmp'
Building CXX object CMakeFiles/cmTC_b83c0.dir/feature_tests.cxx.o
/opt/sdk/AXCF2152/2020.3/sysroots/x86_64-pokysdk-linux/usr/bin/arm-pxc-linux-gnueabi/arm-pxc-linux-gnueabi-g++ --sysroot=/opt/sdk/AXCF2152/2020.3/sysroots/cortexa9t2hf-neon-pxc-linux-gnueabi    -mthumb -mfpu=neon -mfloat-abi=hard -mcpu=cortex-a9    -std=c++2a -o CMakeFiles/cmTC_b83c0.dir/feature_tests.cxx.o -c /mnt/c/Users/L5RSJ9/Desktop/tutor/pyH/beta/v1_0/PythonArp/intermediate/cmake/AXCF2152,20.3.1.28622/Release/CMakeFiles/feature_tests.cxx
Linking CXX executable cmTC_b83c0
/mnt/d/WSL/extract/cmake/bin/cmake -E cmake_link_script CMakeFiles/cmTC_b83c0.dir/link.txt --verbose=1
/opt/sdk/AXCF2152/2020.3/sysroots/x86_64-pokysdk-linux/usr/bin/arm-pxc-linux-gnueabi/arm-pxc-linux-gnueabi-g++ --sysroot=/opt/sdk/AXCF2152/2020.3/sysroots/cortexa9t2hf-neon-pxc-linux-gnueabi    -mthumb -mfpu=neon -mfloat-abi=hard -mcpu=cortex-a9    -mthumb -mfpu=neon -mfloat-abi=hard -mcpu=cortex-a9   CMakeFiles/cmTC_b83c0.dir/feature_tests.cxx.o  -o cmTC_b83c0 
make[1]: Leaving directory '/mnt/c/Users/L5RSJ9/Desktop/tutor/pyH/beta/v1_0/PythonArp/intermediate/cmake/AXCF2152,20.3.1.28622/Release/CMakeFiles/CMakeTmp'


    Feature record: CXX_FEATURE:1cxx_aggregate_default_initializers
    Feature record: CXX_FEATURE:1cxx_alias_templates
    Feature record: CXX_FEATURE:1cxx_alignas
    Feature record: CXX_FEATURE:1cxx_alignof
    Feature record: CXX_FEATURE:1cxx_attributes
    Feature record: CXX_FEATURE:1cxx_attribute_deprecated
    Feature record: CXX_FEATURE:1cxx_auto_type
    Feature record: CXX_FEATURE:1cxx_binary_literals
    Feature record: CXX_FEATURE:1cxx_constexpr
    Feature record: CXX_FEATURE:1cxx_contextual_conversions
    Feature record: CXX_FEATURE:1cxx_decltype
    Feature record: CXX_FEATURE:1cxx_decltype_auto
    Feature record: CXX_FEATURE:1cxx_decltype_incomplete_return_types
    Feature record: CXX_FEATURE:1cxx_default_function_template_args
    Feature record: CXX_FEATURE:1cxx_defaulted_functions
    Feature record: CXX_FEATURE:1cxx_defaulted_move_initializers
    Feature record: CXX_FEATURE:1cxx_delegating_constructors
    Feature record: CXX_FEATURE:1cxx_deleted_functions
    Feature record: CXX_FEATURE:1cxx_digit_separators
    Feature record: CXX_FEATURE:1cxx_enum_forward_declarations
    Feature record: CXX_FEATURE:1cxx_explicit_conversions
    Feature record: CXX_FEATURE:1cxx_extended_friend_declarations
    Feature record: CXX_FEATURE:1cxx_extern_templates
    Feature record: CXX_FEATURE:1cxx_final
    Feature record: CXX_FEATURE:1cxx_func_identifier
    Feature record: CXX_FEATURE:1cxx_generalized_initializers
    Feature record: CXX_FEATURE:1cxx_generic_lambdas
    Feature record: CXX_FEATURE:1cxx_inheriting_constructors
    Feature record: CXX_FEATURE:1cxx_inline_namespaces
    Feature record: CXX_FEATURE:1cxx_lambdas
    Feature record: CXX_FEATURE:1cxx_lambda_init_captures
    Feature record: CXX_FEATURE:1cxx_local_type_template_args
    Feature record: CXX_FEATURE:1cxx_long_long_type
    Feature record: CXX_FEATURE:1cxx_noexcept
    Feature record: CXX_FEATURE:1cxx_nonstatic_member_init
    Feature record: CXX_FEATURE:1cxx_nullptr
    Feature record: CXX_FEATURE:1cxx_override
    Feature record: CXX_FEATURE:1cxx_range_for
    Feature record: CXX_FEATURE:1cxx_raw_string_literals
    Feature record: CXX_FEATURE:1cxx_reference_qualified_functions
    Feature record: CXX_FEATURE:1cxx_relaxed_constexpr
    Feature record: CXX_FEATURE:1cxx_return_type_deduction
    Feature record: CXX_FEATURE:1cxx_right_angle_brackets
    Feature record: CXX_FEATURE:1cxx_rvalue_references
    Feature record: CXX_FEATURE:1cxx_sizeof_member
    Feature record: CXX_FEATURE:1cxx_static_assert
    Feature record: CXX_FEATURE:1cxx_strong_enums
    Feature record: CXX_FEATURE:1cxx_template_template_parameters
    Feature record: CXX_FEATURE:1cxx_thread_local
    Feature record: CXX_FEATURE:1cxx_trailing_return_types
    Feature record: CXX_FEATURE:1cxx_unicode_literals
    Feature record: CXX_FEATURE:1cxx_uniform_initialization
    Feature record: CXX_FEATURE:1cxx_unrestricted_unions
    Feature record: CXX_FEATURE:1cxx_user_literals
    Feature record: CXX_FEATURE:1cxx_variable_templates
    Feature record: CXX_FEATURE:1cxx_variadic_macros
    Feature record: CXX_FEATURE:1cxx_variadic_templates


Detecting CXX [-std=c++17] compiler features compiled with the following output:
Change Dir: /mnt/c/Users/L5RSJ9/Desktop/tutor/pyH/beta/v1_0/PythonArp/intermediate/cmake/AXCF2152,20.3.1.28622/Release/CMakeFiles/CMakeTmp

Run Build Command:"/usr/bin/make" "cmTC_436da/fast"
/usr/bin/make -f CMakeFiles/cmTC_436da.dir/build.make CMakeFiles/cmTC_436da.dir/build
make[1]: Entering directory '/mnt/c/Users/L5RSJ9/Desktop/tutor/pyH/beta/v1_0/PythonArp/intermediate/cmake/AXCF2152,20.3.1.28622/Release/CMakeFiles/CMakeTmp'
Building CXX object CMakeFiles/cmTC_436da.dir/feature_tests.cxx.o
/opt/sdk/AXCF2152/2020.3/sysroots/x86_64-pokysdk-linux/usr/bin/arm-pxc-linux-gnueabi/arm-pxc-linux-gnueabi-g++ --sysroot=/opt/sdk/AXCF2152/2020.3/sysroots/cortexa9t2hf-neon-pxc-linux-gnueabi    -mthumb -mfpu=neon -mfloat-abi=hard -mcpu=cortex-a9    -std=c++17 -o CMakeFiles/cmTC_436da.dir/feature_tests.cxx.o -c /mnt/c/Users/L5RSJ9/Desktop/tutor/pyH/beta/v1_0/PythonArp/intermediate/cmake/AXCF2152,20.3.1.28622/Release/CMakeFiles/feature_tests.cxx
Linking CXX executable cmTC_436da
/mnt/d/WSL/extract/cmake/bin/cmake -E cmake_link_script CMakeFiles/cmTC_436da.dir/link.txt --verbose=1
/opt/sdk/AXCF2152/2020.3/sysroots/x86_64-pokysdk-linux/usr/bin/arm-pxc-linux-gnueabi/arm-pxc-linux-gnueabi-g++ --sysroot=/opt/sdk/AXCF2152/2020.3/sysroots/cortexa9t2hf-neon-pxc-linux-gnueabi    -mthumb -mfpu=neon -mfloat-abi=hard -mcpu=cortex-a9    -mthumb -mfpu=neon -mfloat-abi=hard -mcpu=cortex-a9   CMakeFiles/cmTC_436da.dir/feature_tests.cxx.o  -o cmTC_436da 
make[1]: Leaving directory '/mnt/c/Users/L5RSJ9/Desktop/tutor/pyH/beta/v1_0/PythonArp/intermediate/cmake/AXCF2152,20.3.1.28622/Release/CMakeFiles/CMakeTmp'


    Feature record: CXX_FEATURE:1cxx_aggregate_default_initializers
    Feature record: CXX_FEATURE:1cxx_alias_templates
    Feature record: CXX_FEATURE:1cxx_alignas
    Feature record: CXX_FEATURE:1cxx_alignof
    Feature record: CXX_FEATURE:1cxx_attributes
    Feature record: CXX_FEATURE:1cxx_attribute_deprecated
    Feature record: CXX_FEATURE:1cxx_auto_type
    Feature record: CXX_FEATURE:1cxx_binary_literals
    Feature record: CXX_FEATURE:1cxx_constexpr
    Feature record: CXX_FEATURE:1cxx_contextual_conversions
    Feature record: CXX_FEATURE:1cxx_decltype
    Feature record: CXX_FEATURE:1cxx_decltype_auto
    Feature record: CXX_FEATURE:1cxx_decltype_incomplete_return_types
    Feature record: CXX_FEATURE:1cxx_default_function_template_args
    Feature record: CXX_FEATURE:1cxx_defaulted_functions
    Feature record: CXX_FEATURE:1cxx_defaulted_move_initializers
    Feature record: CXX_FEATURE:1cxx_delegating_constructors
    Feature record: CXX_FEATURE:1cxx_deleted_functions
    Feature record: CXX_FEATURE:1cxx_digit_separators
    Feature record: CXX_FEATURE:1cxx_enum_forward_declarations
    Feature record: CXX_FEATURE:1cxx_explicit_conversions
    Feature record: CXX_FEATURE:1cxx_extended_friend_declarations
    Feature record: CXX_FEATURE:1cxx_extern_templates
    Feature record: CXX_FEATURE:1cxx_final
    Feature record: CXX_FEATURE:1cxx_func_identifier
    Feature record: CXX_FEATURE:1cxx_generalized_initializers
    Feature record: CXX_FEATURE:1cxx_generic_lambdas
    Feature record: CXX_FEATURE:1cxx_inheriting_constructors
    Feature record: CXX_FEATURE:1cxx_inline_namespaces
    Feature record: CXX_FEATURE:1cxx_lambdas
    Feature record: CXX_FEATURE:1cxx_lambda_init_captures
    Feature record: CXX_FEATURE:1cxx_local_type_template_args
    Feature record: CXX_FEATURE:1cxx_long_long_type
    Feature record: CXX_FEATURE:1cxx_noexcept
    Feature record: CXX_FEATURE:1cxx_nonstatic_member_init
    Feature record: CXX_FEATURE:1cxx_nullptr
    Feature record: CXX_FEATURE:1cxx_override
    Feature record: CXX_FEATURE:1cxx_range_for
    Feature record: CXX_FEATURE:1cxx_raw_string_literals
    Feature record: CXX_FEATURE:1cxx_reference_qualified_functions
    Feature record: CXX_FEATURE:1cxx_relaxed_constexpr
    Feature record: CXX_FEATURE:1cxx_return_type_deduction
    Feature record: CXX_FEATURE:1cxx_right_angle_brackets
    Feature record: CXX_FEATURE:1cxx_rvalue_references
    Feature record: CXX_FEATURE:1cxx_sizeof_member
    Feature record: CXX_FEATURE:1cxx_static_assert
    Feature record: CXX_FEATURE:1cxx_strong_enums
    Feature record: CXX_FEATURE:1cxx_template_template_parameters
    Feature record: CXX_FEATURE:1cxx_thread_local
    Feature record: CXX_FEATURE:1cxx_trailing_return_types
    Feature record: CXX_FEATURE:1cxx_unicode_literals
    Feature record: CXX_FEATURE:1cxx_uniform_initialization
    Feature record: CXX_FEATURE:1cxx_unrestricted_unions
    Feature record: CXX_FEATURE:1cxx_user_literals
    Feature record: CXX_FEATURE:1cxx_variable_templates
    Feature record: CXX_FEATURE:1cxx_variadic_macros
    Feature record: CXX_FEATURE:1cxx_variadic_templates


Detecting CXX [-std=c++14] compiler features compiled with the following output:
Change Dir: /mnt/c/Users/L5RSJ9/Desktop/tutor/pyH/beta/v1_0/PythonArp/intermediate/cmake/AXCF2152,20.3.1.28622/Release/CMakeFiles/CMakeTmp

Run Build Command:"/usr/bin/make" "cmTC_784fb/fast"
/usr/bin/make -f CMakeFiles/cmTC_784fb.dir/build.make CMakeFiles/cmTC_784fb.dir/build
make[1]: Entering directory '/mnt/c/Users/L5RSJ9/Desktop/tutor/pyH/beta/v1_0/PythonArp/intermediate/cmake/AXCF2152,20.3.1.28622/Release/CMakeFiles/CMakeTmp'
Building CXX object CMakeFiles/cmTC_784fb.dir/feature_tests.cxx.o
/opt/sdk/AXCF2152/2020.3/sysroots/x86_64-pokysdk-linux/usr/bin/arm-pxc-linux-gnueabi/arm-pxc-linux-gnueabi-g++ --sysroot=/opt/sdk/AXCF2152/2020.3/sysroots/cortexa9t2hf-neon-pxc-linux-gnueabi    -mthumb -mfpu=neon -mfloat-abi=hard -mcpu=cortex-a9    -std=c++14 -o CMakeFiles/cmTC_784fb.dir/feature_tests.cxx.o -c /mnt/c/Users/L5RSJ9/Desktop/tutor/pyH/beta/v1_0/PythonArp/intermediate/cmake/AXCF2152,20.3.1.28622/Release/CMakeFiles/feature_tests.cxx
Linking CXX executable cmTC_784fb
/mnt/d/WSL/extract/cmake/bin/cmake -E cmake_link_script CMakeFiles/cmTC_784fb.dir/link.txt --verbose=1
/opt/sdk/AXCF2152/2020.3/sysroots/x86_64-pokysdk-linux/usr/bin/arm-pxc-linux-gnueabi/arm-pxc-linux-gnueabi-g++ --sysroot=/opt/sdk/AXCF2152/2020.3/sysroots/cortexa9t2hf-neon-pxc-linux-gnueabi    -mthumb -mfpu=neon -mfloat-abi=hard -mcpu=cortex-a9    -mthumb -mfpu=neon -mfloat-abi=hard -mcpu=cortex-a9   CMakeFiles/cmTC_784fb.dir/feature_tests.cxx.o  -o cmTC_784fb 
make[1]: Leaving directory '/mnt/c/Users/L5RSJ9/Desktop/tutor/pyH/beta/v1_0/PythonArp/intermediate/cmake/AXCF2152,20.3.1.28622/Release/CMakeFiles/CMakeTmp'


    Feature record: CXX_FEATURE:1cxx_aggregate_default_initializers
    Feature record: CXX_FEATURE:1cxx_alias_templates
    Feature record: CXX_FEATURE:1cxx_alignas
    Feature record: CXX_FEATURE:1cxx_alignof
    Feature record: CXX_FEATURE:1cxx_attributes
    Feature record: CXX_FEATURE:1cxx_attribute_deprecated
    Feature record: CXX_FEATURE:1cxx_auto_type
    Feature record: CXX_FEATURE:1cxx_binary_literals
    Feature record: CXX_FEATURE:1cxx_constexpr
    Feature record: CXX_FEATURE:1cxx_contextual_conversions
    Feature record: CXX_FEATURE:1cxx_decltype
    Feature record: CXX_FEATURE:1cxx_decltype_auto
    Feature record: CXX_FEATURE:1cxx_decltype_incomplete_return_types
    Feature record: CXX_FEATURE:1cxx_default_function_template_args
    Feature record: CXX_FEATURE:1cxx_defaulted_functions
    Feature record: CXX_FEATURE:1cxx_defaulted_move_initializers
    Feature record: CXX_FEATURE:1cxx_delegating_constructors
    Feature record: CXX_FEATURE:1cxx_deleted_functions
    Feature record: CXX_FEATURE:1cxx_digit_separators
    Feature record: CXX_FEATURE:1cxx_enum_forward_declarations
    Feature record: CXX_FEATURE:1cxx_explicit_conversions
    Feature record: CXX_FEATURE:1cxx_extended_friend_declarations
    Feature record: CXX_FEATURE:1cxx_extern_templates
    Feature record: CXX_FEATURE:1cxx_final
    Feature record: CXX_FEATURE:1cxx_func_identifier
    Feature record: CXX_FEATURE:1cxx_generalized_initializers
    Feature record: CXX_FEATURE:1cxx_generic_lambdas
    Feature record: CXX_FEATURE:1cxx_inheriting_constructors
    Feature record: CXX_FEATURE:1cxx_inline_namespaces
    Feature record: CXX_FEATURE:1cxx_lambdas
    Feature record: CXX_FEATURE:1cxx_lambda_init_captures
    Feature record: CXX_FEATURE:1cxx_local_type_template_args
    Feature record: CXX_FEATURE:1cxx_long_long_type
    Feature record: CXX_FEATURE:1cxx_noexcept
    Feature record: CXX_FEATURE:1cxx_nonstatic_member_init
    Feature record: CXX_FEATURE:1cxx_nullptr
    Feature record: CXX_FEATURE:1cxx_override
    Feature record: CXX_FEATURE:1cxx_range_for
    Feature record: CXX_FEATURE:1cxx_raw_string_literals
    Feature record: CXX_FEATURE:1cxx_reference_qualified_functions
    Feature record: CXX_FEATURE:1cxx_relaxed_constexpr
    Feature record: CXX_FEATURE:1cxx_return_type_deduction
    Feature record: CXX_FEATURE:1cxx_right_angle_brackets
    Feature record: CXX_FEATURE:1cxx_rvalue_references
    Feature record: CXX_FEATURE:1cxx_sizeof_member
    Feature record: CXX_FEATURE:1cxx_static_assert
    Feature record: CXX_FEATURE:1cxx_strong_enums
    Feature record: CXX_FEATURE:1cxx_template_template_parameters
    Feature record: CXX_FEATURE:1cxx_thread_local
    Feature record: CXX_FEATURE:1cxx_trailing_return_types
    Feature record: CXX_FEATURE:1cxx_unicode_literals
    Feature record: CXX_FEATURE:1cxx_uniform_initialization
    Feature record: CXX_FEATURE:1cxx_unrestricted_unions
    Feature record: CXX_FEATURE:1cxx_user_literals
    Feature record: CXX_FEATURE:1cxx_variable_templates
    Feature record: CXX_FEATURE:1cxx_variadic_macros
    Feature record: CXX_FEATURE:1cxx_variadic_templates


Detecting CXX [-std=c++11] compiler features compiled with the following output:
Change Dir: /mnt/c/Users/L5RSJ9/Desktop/tutor/pyH/beta/v1_0/PythonArp/intermediate/cmake/AXCF2152,20.3.1.28622/Release/CMakeFiles/CMakeTmp

Run Build Command:"/usr/bin/make" "cmTC_a39ea/fast"
/usr/bin/make -f CMakeFiles/cmTC_a39ea.dir/build.make CMakeFiles/cmTC_a39ea.dir/build
make[1]: Entering directory '/mnt/c/Users/L5RSJ9/Desktop/tutor/pyH/beta/v1_0/PythonArp/intermediate/cmake/AXCF2152,20.3.1.28622/Release/CMakeFiles/CMakeTmp'
Building CXX object CMakeFiles/cmTC_a39ea.dir/feature_tests.cxx.o
/opt/sdk/AXCF2152/2020.3/sysroots/x86_64-pokysdk-linux/usr/bin/arm-pxc-linux-gnueabi/arm-pxc-linux-gnueabi-g++ --sysroot=/opt/sdk/AXCF2152/2020.3/sysroots/cortexa9t2hf-neon-pxc-linux-gnueabi    -mthumb -mfpu=neon -mfloat-abi=hard -mcpu=cortex-a9    -std=c++11 -o CMakeFiles/cmTC_a39ea.dir/feature_tests.cxx.o -c /mnt/c/Users/L5RSJ9/Desktop/tutor/pyH/beta/v1_0/PythonArp/intermediate/cmake/AXCF2152,20.3.1.28622/Release/CMakeFiles/feature_tests.cxx
Linking CXX executable cmTC_a39ea
/mnt/d/WSL/extract/cmake/bin/cmake -E cmake_link_script CMakeFiles/cmTC_a39ea.dir/link.txt --verbose=1
/opt/sdk/AXCF2152/2020.3/sysroots/x86_64-pokysdk-linux/usr/bin/arm-pxc-linux-gnueabi/arm-pxc-linux-gnueabi-g++ --sysroot=/opt/sdk/AXCF2152/2020.3/sysroots/cortexa9t2hf-neon-pxc-linux-gnueabi    -mthumb -mfpu=neon -mfloat-abi=hard -mcpu=cortex-a9    -mthumb -mfpu=neon -mfloat-abi=hard -mcpu=cortex-a9   CMakeFiles/cmTC_a39ea.dir/feature_tests.cxx.o  -o cmTC_a39ea 
make[1]: Leaving directory '/mnt/c/Users/L5RSJ9/Desktop/tutor/pyH/beta/v1_0/PythonArp/intermediate/cmake/AXCF2152,20.3.1.28622/Release/CMakeFiles/CMakeTmp'


    Feature record: CXX_FEATURE:0cxx_aggregate_default_initializers
    Feature record: CXX_FEATURE:1cxx_alias_templates
    Feature record: CXX_FEATURE:1cxx_alignas
    Feature record: CXX_FEATURE:1cxx_alignof
    Feature record: CXX_FEATURE:1cxx_attributes
    Feature record: CXX_FEATURE:0cxx_attribute_deprecated
    Feature record: CXX_FEATURE:1cxx_auto_type
    Feature record: CXX_FEATURE:0cxx_binary_literals
    Feature record: CXX_FEATURE:1cxx_constexpr
    Feature record: CXX_FEATURE:0cxx_contextual_conversions
    Feature record: CXX_FEATURE:1cxx_decltype
    Feature record: CXX_FEATURE:0cxx_decltype_auto
    Feature record: CXX_FEATURE:1cxx_decltype_incomplete_return_types
    Feature record: CXX_FEATURE:1cxx_default_function_template_args
    Feature record: CXX_FEATURE:1cxx_defaulted_functions
    Feature record: CXX_FEATURE:1cxx_defaulted_move_initializers
    Feature record: CXX_FEATURE:1cxx_delegating_constructors
    Feature record: CXX_FEATURE:1cxx_deleted_functions
    Feature record: CXX_FEATURE:0cxx_digit_separators
    Feature record: CXX_FEATURE:1cxx_enum_forward_declarations
    Feature record: CXX_FEATURE:1cxx_explicit_conversions
    Feature record: CXX_FEATURE:1cxx_extended_friend_declarations
    Feature record: CXX_FEATURE:1cxx_extern_templates
    Feature record: CXX_FEATURE:1cxx_final
    Feature record: CXX_FEATURE:1cxx_func_identifier
    Feature record: CXX_FEATURE:1cxx_generalized_initializers
    Feature record: CXX_FEATURE:0cxx_generic_lambdas
    Feature record: CXX_FEATURE:1cxx_inheriting_constructors
    Feature record: CXX_FEATURE:1cxx_inline_namespaces
    Feature record: CXX_FEATURE:1cxx_lambdas
    Feature record: CXX_FEATURE:0cxx_lambda_init_captures
    Feature record: CXX_FEATURE:1cxx_local_type_template_args
    Feature record: CXX_FEATURE:1cxx_long_long_type
    Feature record: CXX_FEATURE:1cxx_noexcept
    Feature record: CXX_FEATURE:1cxx_nonstatic_member_init
    Feature record: CXX_FEATURE:1cxx_nullptr
    Feature record: CXX_FEATURE:1cxx_override
    Feature record: CXX_FEATURE:1cxx_range_for
    Feature record: CXX_FEATURE:1cxx_raw_string_literals
    Feature record: CXX_FEATURE:1cxx_reference_qualified_functions
    Feature record: CXX_FEATURE:0cxx_relaxed_constexpr
    Feature record: CXX_FEATURE:0cxx_return_type_deduction
    Feature record: CXX_FEATURE:1cxx_right_angle_brackets
    Feature record: CXX_FEATURE:1cxx_rvalue_references
    Feature record: CXX_FEATURE:1cxx_sizeof_member
    Feature record: CXX_FEATURE:1cxx_static_assert
    Feature record: CXX_FEATURE:1cxx_strong_enums
    Feature record: CXX_FEATURE:1cxx_template_template_parameters
    Feature record: CXX_FEATURE:1cxx_thread_local
    Feature record: CXX_FEATURE:1cxx_trailing_return_types
    Feature record: CXX_FEATURE:1cxx_unicode_literals
    Feature record: CXX_FEATURE:1cxx_uniform_initialization
    Feature record: CXX_FEATURE:1cxx_unrestricted_unions
    Feature record: CXX_FEATURE:1cxx_user_literals
    Feature record: CXX_FEATURE:0cxx_variable_templates
    Feature record: CXX_FEATURE:1cxx_variadic_macros
    Feature record: CXX_FEATURE:1cxx_variadic_templates


Detecting CXX [-std=c++98] compiler features compiled with the following output:
Change Dir: /mnt/c/Users/L5RSJ9/Desktop/tutor/pyH/beta/v1_0/PythonArp/intermediate/cmake/AXCF2152,20.3.1.28622/Release/CMakeFiles/CMakeTmp

Run Build Command:"/usr/bin/make" "cmTC_5a1c4/fast"
/usr/bin/make -f CMakeFiles/cmTC_5a1c4.dir/build.make CMakeFiles/cmTC_5a1c4.dir/build
make[1]: Entering directory '/mnt/c/Users/L5RSJ9/Desktop/tutor/pyH/beta/v1_0/PythonArp/intermediate/cmake/AXCF2152,20.3.1.28622/Release/CMakeFiles/CMakeTmp'
Building CXX object CMakeFiles/cmTC_5a1c4.dir/feature_tests.cxx.o
/opt/sdk/AXCF2152/2020.3/sysroots/x86_64-pokysdk-linux/usr/bin/arm-pxc-linux-gnueabi/arm-pxc-linux-gnueabi-g++ --sysroot=/opt/sdk/AXCF2152/2020.3/sysroots/cortexa9t2hf-neon-pxc-linux-gnueabi    -mthumb -mfpu=neon -mfloat-abi=hard -mcpu=cortex-a9    -std=c++98 -o CMakeFiles/cmTC_5a1c4.dir/feature_tests.cxx.o -c /mnt/c/Users/L5RSJ9/Desktop/tutor/pyH/beta/v1_0/PythonArp/intermediate/cmake/AXCF2152,20.3.1.28622/Release/CMakeFiles/feature_tests.cxx
Linking CXX executable cmTC_5a1c4
/mnt/d/WSL/extract/cmake/bin/cmake -E cmake_link_script CMakeFiles/cmTC_5a1c4.dir/link.txt --verbose=1
/opt/sdk/AXCF2152/2020.3/sysroots/x86_64-pokysdk-linux/usr/bin/arm-pxc-linux-gnueabi/arm-pxc-linux-gnueabi-g++ --sysroot=/opt/sdk/AXCF2152/2020.3/sysroots/cortexa9t2hf-neon-pxc-linux-gnueabi    -mthumb -mfpu=neon -mfloat-abi=hard -mcpu=cortex-a9    -mthumb -mfpu=neon -mfloat-abi=hard -mcpu=cortex-a9   CMakeFiles/cmTC_5a1c4.dir/feature_tests.cxx.o  -o cmTC_5a1c4 
make[1]: Leaving directory '/mnt/c/Users/L5RSJ9/Desktop/tutor/pyH/beta/v1_0/PythonArp/intermediate/cmake/AXCF2152,20.3.1.28622/Release/CMakeFiles/CMakeTmp'


    Feature record: CXX_FEATURE:0cxx_aggregate_default_initializers
    Feature record: CXX_FEATURE:0cxx_alias_templates
    Feature record: CXX_FEATURE:0cxx_alignas
    Feature record: CXX_FEATURE:0cxx_alignof
    Feature record: CXX_FEATURE:0cxx_attributes
    Feature record: CXX_FEATURE:0cxx_attribute_deprecated
    Feature record: CXX_FEATURE:0cxx_auto_type
    Feature record: CXX_FEATURE:0cxx_binary_literals
    Feature record: CXX_FEATURE:0cxx_constexpr
    Feature record: CXX_FEATURE:0cxx_contextual_conversions
    Feature record: CXX_FEATURE:0cxx_decltype
    Feature record: CXX_FEATURE:0cxx_decltype_auto
    Feature record: CXX_FEATURE:0cxx_decltype_incomplete_return_types
    Feature record: CXX_FEATURE:0cxx_default_function_template_args
    Feature record: CXX_FEATURE:0cxx_defaulted_functions
    Feature record: CXX_FEATURE:0cxx_defaulted_move_initializers
    Feature record: CXX_FEATURE:0cxx_delegating_constructors
    Feature record: CXX_FEATURE:0cxx_deleted_functions
    Feature record: CXX_FEATURE:0cxx_digit_separators
    Feature record: CXX_FEATURE:0cxx_enum_forward_declarations
    Feature record: CXX_FEATURE:0cxx_explicit_conversions
    Feature record: CXX_FEATURE:0cxx_extended_friend_declarations
    Feature record: CXX_FEATURE:0cxx_extern_templates
    Feature record: CXX_FEATURE:0cxx_final
    Feature record: CXX_FEATURE:0cxx_func_identifier
    Feature record: CXX_FEATURE:0cxx_generalized_initializers
    Feature record: CXX_FEATURE:0cxx_generic_lambdas
    Feature record: CXX_FEATURE:0cxx_inheriting_constructors
    Feature record: CXX_FEATURE:0cxx_inline_namespaces
    Feature record: CXX_FEATURE:0cxx_lambdas
    Feature record: CXX_FEATURE:0cxx_lambda_init_captures
    Feature record: CXX_FEATURE:0cxx_local_type_template_args
    Feature record: CXX_FEATURE:0cxx_long_long_type
    Feature record: CXX_FEATURE:0cxx_noexcept
    Feature record: CXX_FEATURE:0cxx_nonstatic_member_init
    Feature record: CXX_FEATURE:0cxx_nullptr
    Feature record: CXX_FEATURE:0cxx_override
    Feature record: CXX_FEATURE:0cxx_range_for
    Feature record: CXX_FEATURE:0cxx_raw_string_literals
    Feature record: CXX_FEATURE:0cxx_reference_qualified_functions
    Feature record: CXX_FEATURE:0cxx_relaxed_constexpr
    Feature record: CXX_FEATURE:0cxx_return_type_deduction
    Feature record: CXX_FEATURE:0cxx_right_angle_brackets
    Feature record: CXX_FEATURE:0cxx_rvalue_references
    Feature record: CXX_FEATURE:0cxx_sizeof_member
    Feature record: CXX_FEATURE:0cxx_static_assert
    Feature record: CXX_FEATURE:0cxx_strong_enums
    Feature record: CXX_FEATURE:1cxx_template_template_parameters
    Feature record: CXX_FEATURE:0cxx_thread_local
    Feature record: CXX_FEATURE:0cxx_trailing_return_types
    Feature record: CXX_FEATURE:0cxx_unicode_literals
    Feature record: CXX_FEATURE:0cxx_uniform_initialization
    Feature record: CXX_FEATURE:0cxx_unrestricted_unions
    Feature record: CXX_FEATURE:0cxx_user_literals
    Feature record: CXX_FEATURE:0cxx_variable_templates
    Feature record: CXX_FEATURE:0cxx_variadic_macros
    Feature record: CXX_FEATURE:0cxx_variadic_templates
